/cad/cadence/XCELIUM/XCELIUM_22.03.003/tools.lnx86/inca/bin/64bit/xmsim
Obtained 19 stack frames.
/cad/cadence/XCELIUM/XCELIUM_22.03.003/tools.lnx86/inca/bin/64bit/../../../lib/64bit/libcbreakpad.so(_Z13use_backtracev+0x9d) [0x7fadd32861a3]
/cad/cadence/XCELIUM/XCELIUM_22.03.003/tools.lnx86/inca/bin/64bit/../../../lib/64bit/libcbreakpad.so(cbpad_generate_dump_on_demand+0x66) [0x7fadd3286630]
xmsim() [0x18e1f36]
xmsim(serror+0x95) [0x18e3a95]
xmsim() [0xb47314]
xmsim() [0xb4791d]
/usr/cad/synopsys/verdi/cur/share/PLI/IUS/LINUX64/libsscore_xcelium171.so(+0xefd60) [0x7fadc9e09d60]
/lib64/libpthread.so.0(+0xf630) [0x7fadd2ee4630]
xmsim() [0xd0f961]
xmsim() [0xe1b0a4]
xmsim() [0xe1c71b]
xmsim() [0xe1bc1d]
xmsim() [0xe1bc1d]
xmsim() [0xe1da59]
xmsim() [0xe285ee]
xmsim() [0xe2809a]
xmsim() [0xe29b5e]
xmsim() [0xaff23a]
[0x5b4718a]
