 
****************************************
Report : area
Design : LASER
Version: R-2020.09
Date   : Wed Jun  7 19:37:13 2023
****************************************

Library(s) Used:

    slow (File: /home/eda/CBDK_IC_Contest_v2.1/SynopsysDC/db/slow.db)

Number of ports:                           27
Number of nets:                          1564
Number of cells:                         1549
Number of combinational cells:           1147
Number of sequential cells:               402
Number of macros/black boxes:               0
Number of buf/inv:                        186
Number of references:                      89

Combinational area:              10043.515644
Buf/Inv area:                     1242.496802
Noncombinational area:           10281.151978
Macro/Black Box area:                0.000000
Net Interconnect area:          203934.375122

Total cell area:                 20324.667621
Total area:                     224259.042743
1
