Operating system: Linux
                  0.0.0 Linux 3.10.0-1160.90.1.el7.x86_64 #1 SMP Thu May 4 15:21:22 UTC 2023 x86_64
CPU: amd64
     family 6 model 94 stepping 3
     1 CPU

GPU: UNKNOWN

Crash reason:  DUMP_REQUESTED
Crash address: 0x7f0401f71406
Process uptime: not available

Thread 0 (crashed)
 0  libcbreakpad.so + 0x36406
    rax = 0x00007f0401f484d5   rdx = 0x0000000000000000
    rcx = 0x00007f0401f6fcb2   rbx = 0x00007f03fa6aa980
    rsi = 0x0000000000000001   rdi = 0x00007f03fa6aa308
    rbp = 0x00007f03fa6aa8c0   rsp = 0x00007f03fa6aa270
     r8 = 0x0000000000000000    r9 = 0x0000000000000000
    r10 = 0x0000000000000000   r11 = 0x000000000580f480
    r12 = 0x0000000000000000   r13 = 0x00007f03fa6aace8
    r14 = 0x00007f03fa6aa900   r15 = 0x0000000000d0f961
    rip = 0x00007f0401f71406
    Found by: given as instruction pointer in context
 1  libcbreakpad.so + 0x34672
    rbp = 0x00007f03fa6aaa10   rsp = 0x00007f03fa6aa8d0
    rip = 0x00007f0401f6f672
    Found by: previous frame's frame pointer
 2  xmsim + 0x696630
    rbp = 0x00007f03fa6aaa10   rsp = 0x00007f03fa6aa968
    rip = 0x0000000000a96630
    Found by: stack scanning
 3  xmsim + 0x5a771c
    rbp = 0x00007f03fa6aaa10   rsp = 0x00007f03fa6aa980
    rip = 0x00000000009a771c
    Found by: stack scanning
 4  xmsim + 0x14e1f36
    rsp = 0x00007f03fa6aaa20   rip = 0x00000000018e1f36
    Found by: stack scanning
 5  libc-2.17.so + 0x78179
    rsp = 0x00007f03fa6aaa40   rip = 0x00007f0401188179
    Found by: stack scanning
 6  libc-2.17.so + 0x53447
    rsp = 0x00007f03fa6aaac0   rip = 0x00007f0401163447
    Found by: stack scanning
 7  libc-2.17.so + 0x1fc000
    rsp = 0x00007f03fa6aaac8   rip = 0x00007f04014d0000
    Found by: stack scanning
 8  libc-2.17.so + 0xefbc9
    rsp = 0x00007f03fa6aaae0   rip = 0x00007f04011ffbc9
    Found by: stack scanning
 9  libc-2.17.so + 0x7a2f3
    rsp = 0x00007f03fa6aaaf0   rip = 0x00007f040118a2f3
    Found by: stack scanning
10  libc-2.17.so + 0x7ab90
    rsp = 0x00007f03fa6aab20   rip = 0x00007f040118ab90
    Found by: stack scanning
11  libc-2.17.so + 0x200380
    rsp = 0x00007f03fa6aab58   rip = 0x00007f04014d4380
    Found by: stack scanning
12  libc-2.17.so + 0x6f05b
    rsp = 0x00007f03fa6aab70   rip = 0x00007f040117f05b
    Found by: stack scanning
13  libsscore_xcelium171.so + 0x1f436e
    rsp = 0x00007f03fa6aaba0   rip = 0x00007f03f8bf736e
    Found by: stack scanning
14  libsscore_xcelium171.so + 0x334b89
    rsp = 0x00007f03fa6aabc0   rip = 0x00007f03f8d37b89
    Found by: stack scanning
15  libsscore_xcelium171.so + 0x3422b9
    rsp = 0x00007f03fa6aabc8   rip = 0x00007f03f8d452b9
    Found by: stack scanning
16  libc-2.17.so + 0x204000
    rsp = 0x00007f03fa6aabe0   rip = 0x00007f04014d8000
    Found by: stack scanning
17  libc-2.17.so + 0xb60a5
    rsp = 0x00007f03fa6aac00   rip = 0x00007f04011c60a5
    Found by: stack scanning
18  libsscore_xcelium171.so + 0x1f46ff
    rsp = 0x00007f03fa6aac60   rip = 0x00007f03f8bf76ff
    Found by: stack scanning
19  libc-2.17.so + 0x204000
    rsp = 0x00007f03fa6aac88   rip = 0x00007f04014d8000
    Found by: stack scanning
20  libc-2.17.so + 0x392d2
    rsp = 0x00007f03fa6aaca0   rip = 0x00007f04011492d2
    Found by: stack scanning
21  xmsim + 0x90f961
    rsp = 0x00007f03fa6aacd8   rip = 0x0000000000d0f961
    Found by: stack scanning
22  xmsim + 0x14e3a95
    rsp = 0x00007f03fa6aace0   rip = 0x00000000018e3a95
    Found by: stack scanning
23  xmsim + 0x1f4dd50
    rsp = 0x00007f03fa6aad10   rip = 0x000000000234dd50
    Found by: stack scanning
24  libsscore_xcelium171.so + 0x16f904
    rsp = 0x00007f03fa6aad40   rip = 0x00007f03f8b72904
    Found by: stack scanning
25  libsscore_xcelium171.so + 0x16fc7e
    rsp = 0x00007f03fa6aad80   rip = 0x00007f03f8b72c7e
    Found by: stack scanning
26  xmsim + 0x6e5515
    rsp = 0x00007f03fa6aad90   rip = 0x0000000000ae5515
    Found by: stack scanning
27  xmsim + 0x741f49
    rsp = 0x00007f03fa6aadb0   rip = 0x0000000000b41f49
    Found by: stack scanning
28  xmsim + 0x747314
    rsp = 0x00007f03fa6aadc0   rip = 0x0000000000b47314
    Found by: stack scanning
29  xmsim + 0x74791d
    rsp = 0x00007f03fa6aaea0   rip = 0x0000000000b4791d
    Found by: stack scanning
30  libsscore_xcelium171.so + 0xefd60
    rsp = 0x00007f03fa6aaed0   rip = 0x00007f03f8af2d60
    Found by: stack scanning
31  libpthread-2.17.so + 0xf630
    rsp = 0x00007f03fa6aaf00   rip = 0x00007f0401bcd630
    Found by: stack scanning
32  xmsim + 0x90f961
    rsp = 0x00007f03fa6aafb0   rip = 0x0000000000d0f961
    Found by: stack scanning
33  xmsim + 0x5a04d2
    rsp = 0x00007f03fa6ab010   rip = 0x00000000009a04d2
    Found by: stack scanning
34  xmsim + 0x5a04d2
    rsp = 0x00007f03fa6ab0a0   rip = 0x00000000009a04d2
    Found by: stack scanning

Thread 1
 0  libpthread-2.17.so + 0xba35
    rax = 0xfffffffffffffe00   rdx = 0x0000000000000001
    rcx = 0xffffffffffffffff   rbx = 0x0000000000000000
    rsi = 0x0000000000000080   rdi = 0x0000000005d1dd84
    rbp = 0x00007f03f3754790   rsp = 0x00007f03f3754730
     r8 = 0x0000000005d15200    r9 = 0x0000000000000000
    r10 = 0x0000000000000000   r11 = 0x0000000000000246
    r12 = 0x0000000000000000   r13 = 0x0000000000801000
    r14 = 0x0000000000000004   r15 = 0x00007f03f3756700
    rip = 0x00007f0401bc9a35
    Found by: given as instruction pointer in context
 1  libsn_ida_producer_consumer.so + 0x1593
    rbp = 0x00007f03f3754790   rsp = 0x00007f03f3754760
    rip = 0x00007f0401fd0593
    Found by: stack scanning
 2  libida_dump.so + 0x10e8a0
    rbp = 0x00007f03f3754790   rsp = 0x00007f03f3754788
    rip = 0x00007f03f38c48a0
    Found by: stack scanning
 3  libpthread-2.17.so + 0x7ea5
    rsp = 0x00007f03f37547a0   rip = 0x00007f0401bc5ea5
    Found by: stack scanning
 4  xmsim + 0x401000
    rsp = 0x00007f03f37547d0   rip = 0x0000000000801000
    Found by: stack scanning
 5  libc-2.17.so + 0xfeb0d
    rsp = 0x00007f03f3754840   rip = 0x00007f040120eb0d
    Found by: stack scanning

Thread 2
 0  libpthread-2.17.so + 0xba35
    rax = 0xfffffffffffffe00   rdx = 0x0000000000000007
    rcx = 0xffffffffffffffff   rbx = 0x0000000000000000
    rsi = 0x0000000000000080   rdi = 0x0000000005d1e194
    rbp = 0x00007f03f2f53790   rsp = 0x00007f03f2f53730
     r8 = 0x0000000005d16500    r9 = 0x0000000000000003
    r10 = 0x0000000000000000   r11 = 0x0000000000000246
    r12 = 0x0000000000000000   r13 = 0x0000000000801000
    r14 = 0x0000000000000004   r15 = 0x00007f03f2f55700
    rip = 0x00007f0401bc9a35
    Found by: given as instruction pointer in context
 1  libsn_ida_producer_consumer.so + 0x1593
    rbp = 0x00007f03f2f53790   rsp = 0x00007f03f2f53760
    rip = 0x00007f0401fd0593
    Found by: stack scanning
 2  libida_dump.so + 0x12c6f0
    rbp = 0x00007f03f2f53790   rsp = 0x00007f03f2f53788
    rip = 0x00007f03f38e26f0
    Found by: stack scanning
 3  libpthread-2.17.so + 0x7ea5
    rsp = 0x00007f03f2f537a0   rip = 0x00007f0401bc5ea5
    Found by: stack scanning
 4  xmsim + 0x401000
    rsp = 0x00007f03f2f537d0   rip = 0x0000000000801000
    Found by: stack scanning
 5  libc-2.17.so + 0xfeb0d
    rsp = 0x00007f03f2f53840   rip = 0x00007f040120eb0d
    Found by: stack scanning

Loaded modules:
0x00400000 - 0x02ef9fff  xmsim  ???  (main)  (WARNING: No symbols, xmsim, BA1589BEC95F518C43F9346AFBBBF4070)
0x7f03f26dd000 - 0x7f03f274ffff  libdwapi.so  ???
0x7f03f2750000 - 0x7f03f2754fff  libdwapi.so  ???
0x7f03f3757000 - 0x7f03f3783fff  libstcdump.so  ???
0x7f03f37b6000 - 0x7f03f397bfff  libida_dump.so  ???  (WARNING: No symbols, libida_dump.so, D3BBC21744C29A13071958508DBA7AAF0)
0x7f03f39e2000 - 0x7f03f3a78fff  libcdns_ida_judy.so  ???
0x7f03f8a03000 - 0x7f03f8e6afff  libsscore_xcelium171.so  ???  (WARNING: No symbols, libsscore_xcelium171.so, 0B6BE4142F7E86F3C1ADB17989BB6A550)
0x7f03f8e6b000 - 0x7f03f907dfff  libsscore_xcelium171.so  ???
0x7f03f94ef000 - 0x7f03f9505fff  libIUS.so  ???
0x7f03f9506000 - 0x7f03f9708fff  libIUS.so  ???
0x7f03f970a000 - 0x7f03f9710fff  librt-2.17.so  ???
0x7f03f9711000 - 0x7f03f9911fff  librt-2.17.so  ???
0x7f03f9928000 - 0x7f03f9937fff  ida.dsn  ???
0x7f03f9938000 - 0x7f03f993efff  gconv-modules.cache  ???
0x7f03f993f000 - 0x7f03f9942fff  libpli.so  ???
0x7f03f9943000 - 0x7f03f9b46fff  libpli.so  ???
0x7f03fa73a000 - 0x7f03fa8edfff  libStrapNC.so  ???
0x7f03fa8f9000 - 0x7f03fa9abfff  libdcapi.so  ???
0x7f03fa9ac000 - 0x7f03fa9b8fff  libdcapi.so  ???
0x7f03fa9ba000 - 0x7f0400efcfff  locale-archive  ???
0x7f0400efd000 - 0x7f0400f08fff  libnss_files-2.17.so  ???
0x7f0400f09000 - 0x7f0401109fff  libnss_files-2.17.so  ???
0x7f0401110000 - 0x7f04012d3fff  libc-2.17.so  ???  (WARNING: No symbols, libc-2.17.so, 79E270948F389C7FB2ED3B2872D0C2090)
0x7f04012d4000 - 0x7f04014d8fff  libc-2.17.so  ???  (WARNING: No symbols, libc-2.17.so, 000000000000000000000000000000000)
0x7f04014de000 - 0x7f04016b4fff  libstdc++.so.6.0.28  ???
0x7f04016b8000 - 0x7f04017b8fff  libm-2.17.so  ???
0x7f04017b9000 - 0x7f04019b9fff  libm-2.17.so  ???
0x7f04019ba000 - 0x7f04019bbfff  libdl-2.17.so  ???
0x7f04019bc000 - 0x7f0401bbdfff  libdl-2.17.so  ???
0x7f0401bbe000 - 0x7f0401bd4fff  libpthread-2.17.so  ???  (WARNING: No symbols, libpthread-2.17.so, F2C80CE132B93DFCAEDA22F8DAC5EBB90)
0x7f0401bd5000 - 0x7f0401dd5fff  libpthread-2.17.so  ???
0x7f0401dda000 - 0x7f0401dfbfff  ld-2.17.so  ???
0x7f0401dfc000 - 0x7f0401e09fff  libida.so  ???
0x7f0401e0a000 - 0x7f0401e15fff  libindago.so  ???
0x7f0401e16000 - 0x7f0401e1efff  libxdt.so  ???
0x7f0401ea2000 - 0x7f0401f3afff  libxmjudy.so.1.0.3  ???
0x7f0401f3b000 - 0x7f0401f9ffff  libcbreakpad.so  ???  (WARNING: No symbols, libcbreakpad.so, 63B86735150D8CAFFEA2339F8607BB350)
0x7f0401fa0000 - 0x7f0401fa4fff  libcbreakpad.so  ???
0x7f0401fb1000 - 0x7f0401fcafff  libgcc_s.so.1  ???
0x7f0401fcf000 - 0x7f0401fd3fff  libsn_ida_producer_consumer.so  ???  (WARNING: No symbols, libsn_ida_producer_consumer.so, 56CBB42E376BE9299FD060AAE810E5FA0)
0x7f0401fd6000 - 0x7f0401ff9fff  libml_uvm.so  ???
0x7f0401ffb000 - 0x7f0401ffcfff  ld-2.17.so  ???
0x7fff8cd97000 - 0x7fff8cd98fff  linux-gate.so  ???

******BACKTRACE*****
vserror (xmsim) [0x18e1f36]
serror (xmsim) [0x18e3a95]
sv_seghandler_aux (xmsim) [0xb47314]
sv_seghandler (xmsim) [0xb4791d]
sslux_scalar_size (xmsim) [0xd0f961]
sslu_vcd_add_register (xmsim) [0xe1b0a4]
sslu_vcd_xbuild_tree (xmsim) [0xe1c71b]
sslu_vcd_xbuild_tree (xmsim) [0xe1bc1d]
sslu_vcd_xbuild_tree (xmsim) [0xe1bc1d]
sslu_vcd_build_tree (xmsim) [0xe1da59]
sslu_vcd_do_items (xmsim) [0xe285ee]
sslu_vcd_do_items (xmsim) [0xe2809a]
ssl_vcd_add_items (xmsim) [0xe29b5e]
rtl_dumpvars (xmsim) [0xaff23a]
******BACKTRACE END*****