Operating system: Linux
                  0.0.0 Linux 3.10.0-1160.90.1.el7.x86_64 #1 SMP Thu May 4 15:21:22 UTC 2023 x86_64
CPU: amd64
     family 6 model 94 stepping 3
     1 CPU

GPU: UNKNOWN

Crash reason:  DUMP_REQUESTED
Crash address: 0x7f25ba0e6406
Process uptime: not available

Thread 0 (crashed)
 0  libcbreakpad.so + 0x36406
    rax = 0x00007f25ba0bd4d5   rdx = 0x0000000000000000
    rcx = 0x00007f25ba0e4cb2   rbx = 0x00007f25b281f980
    rsi = 0x0000000000000001   rdi = 0x00007f25b281f308
    rbp = 0x00007f25b281f8c0   rsp = 0x00007f25b281f270
     r8 = 0x0000000000000000    r9 = 0x0000000000000000
    r10 = 0x0000000000000000   r11 = 0x0000000005474480
    r12 = 0x0000000000000000   r13 = 0x00007f25b281fce8
    r14 = 0x00007f25b281f900   r15 = 0x0000000000d0f961
    rip = 0x00007f25ba0e6406
    Found by: given as instruction pointer in context
 1  libcbreakpad.so + 0x34672
    rbp = 0x00007f25b281fa10   rsp = 0x00007f25b281f8d0
    rip = 0x00007f25ba0e4672
    Found by: previous frame's frame pointer
 2  xmsim + 0x696630
    rbp = 0x00007f25b281fa10   rsp = 0x00007f25b281f968
    rip = 0x0000000000a96630
    Found by: stack scanning
 3  xmsim + 0x5a771c
    rbp = 0x00007f25b281fa10   rsp = 0x00007f25b281f980
    rip = 0x00000000009a771c
    Found by: stack scanning
 4  xmsim + 0x14e1f36
    rsp = 0x00007f25b281fa20   rip = 0x00000000018e1f36
    Found by: stack scanning
 5  libc-2.17.so + 0x78179
    rsp = 0x00007f25b281fa40   rip = 0x00007f25b92fd179
    Found by: stack scanning
 6  libc-2.17.so + 0x53447
    rsp = 0x00007f25b281fac0   rip = 0x00007f25b92d8447
    Found by: stack scanning
 7  libc-2.17.so + 0x1f7000
    rsp = 0x00007f25b281fac8   rip = 0x00007f25b9640000
    Found by: stack scanning
 8  libc-2.17.so + 0xefbc9
    rsp = 0x00007f25b281fae0   rip = 0x00007f25b9374bc9
    Found by: stack scanning
 9  libc-2.17.so + 0x7a2f3
    rsp = 0x00007f25b281faf0   rip = 0x00007f25b92ff2f3
    Found by: stack scanning
10  libc-2.17.so + 0x7ab90
    rsp = 0x00007f25b281fb20   rip = 0x00007f25b92ffb90
    Found by: stack scanning
11  libc-2.17.so + 0x200380
    rsp = 0x00007f25b281fb58   rip = 0x00007f25b9649380
    Found by: stack scanning
12  libc-2.17.so + 0x6f05b
    rsp = 0x00007f25b281fb70   rip = 0x00007f25b92f405b
    Found by: stack scanning
13  libsscore_xcelium171.so + 0x1f436e
    rsp = 0x00007f25b281fba0   rip = 0x00007f25b0d6c36e
    Found by: stack scanning
14  libsscore_xcelium171.so + 0x334b89
    rsp = 0x00007f25b281fbc0   rip = 0x00007f25b0eacb89
    Found by: stack scanning
15  libsscore_xcelium171.so + 0x3422b9
    rsp = 0x00007f25b281fbc8   rip = 0x00007f25b0eba2b9
    Found by: stack scanning
16  libc-2.17.so + 0x204000
    rsp = 0x00007f25b281fbe0   rip = 0x00007f25b964d000
    Found by: stack scanning
17  libc-2.17.so + 0xb60a5
    rsp = 0x00007f25b281fc00   rip = 0x00007f25b933b0a5
    Found by: stack scanning
18  libsscore_xcelium171.so + 0x1f46ff
    rsp = 0x00007f25b281fc60   rip = 0x00007f25b0d6c6ff
    Found by: stack scanning
19  libc-2.17.so + 0x204000
    rsp = 0x00007f25b281fc88   rip = 0x00007f25b964d000
    Found by: stack scanning
20  libc-2.17.so + 0x392d2
    rsp = 0x00007f25b281fca0   rip = 0x00007f25b92be2d2
    Found by: stack scanning
21  xmsim + 0x90f961
    rsp = 0x00007f25b281fcd8   rip = 0x0000000000d0f961
    Found by: stack scanning
22  xmsim + 0x14e3a95
    rsp = 0x00007f25b281fce0   rip = 0x00000000018e3a95
    Found by: stack scanning
23  xmsim + 0x1f4dd50
    rsp = 0x00007f25b281fd10   rip = 0x000000000234dd50
    Found by: stack scanning
24  libsscore_xcelium171.so + 0x16f904
    rsp = 0x00007f25b281fd40   rip = 0x00007f25b0ce7904
    Found by: stack scanning
25  libsscore_xcelium171.so + 0x16fc7e
    rsp = 0x00007f25b281fd80   rip = 0x00007f25b0ce7c7e
    Found by: stack scanning
26  xmsim + 0x6e5515
    rsp = 0x00007f25b281fd90   rip = 0x0000000000ae5515
    Found by: stack scanning
27  xmsim + 0x741f49
    rsp = 0x00007f25b281fdb0   rip = 0x0000000000b41f49
    Found by: stack scanning
28  xmsim + 0x747314
    rsp = 0x00007f25b281fdc0   rip = 0x0000000000b47314
    Found by: stack scanning
29  xmsim + 0x74791d
    rsp = 0x00007f25b281fea0   rip = 0x0000000000b4791d
    Found by: stack scanning
30  libsscore_xcelium171.so + 0xefd60
    rsp = 0x00007f25b281fed0   rip = 0x00007f25b0c67d60
    Found by: stack scanning
31  libpthread-2.17.so + 0xf630
    rsp = 0x00007f25b281ff00   rip = 0x00007f25b9d42630
    Found by: stack scanning
32  xmsim + 0x90f961
    rsp = 0x00007f25b281ffb0   rip = 0x0000000000d0f961
    Found by: stack scanning
33  xmsim + 0x5a04d2
    rsp = 0x00007f25b2820010   rip = 0x00000000009a04d2
    Found by: stack scanning
34  xmsim + 0x5a04d2
    rsp = 0x00007f25b28200a0   rip = 0x00000000009a04d2
    Found by: stack scanning

Thread 1
 0  libpthread-2.17.so + 0xba35
    rax = 0xfffffffffffffe00   rdx = 0x0000000000000001
    rcx = 0xffffffffffffffff   rbx = 0x0000000000000000
    rsi = 0x0000000000000080   rdi = 0x0000000005982c84
    rbp = 0x00007f25ab8c9790   rsp = 0x00007f25ab8c9730
     r8 = 0x0000000005982c00    r9 = 0x0000000000000000
    r10 = 0x0000000000000000   r11 = 0x0000000000000246
    r12 = 0x0000000000000000   r13 = 0x0000000000801000
    r14 = 0x0000000000000004   r15 = 0x00007f25ab8cb700
    rip = 0x00007f25b9d3ea35
    Found by: given as instruction pointer in context
 1  libsn_ida_producer_consumer.so + 0x1593
    rbp = 0x00007f25ab8c9790   rsp = 0x00007f25ab8c9760
    rip = 0x00007f25ba145593
    Found by: stack scanning
 2  libida_dump.so + 0x10e8a0
    rbp = 0x00007f25ab8c9790   rsp = 0x00007f25ab8c9788
    rip = 0x00007f25aba398a0
    Found by: stack scanning
 3  libpthread-2.17.so + 0x7ea5
    rsp = 0x00007f25ab8c97a0   rip = 0x00007f25b9d3aea5
    Found by: stack scanning
 4  xmsim + 0x401000
    rsp = 0x00007f25ab8c97d0   rip = 0x0000000000801000
    Found by: stack scanning
 5  libc-2.17.so + 0xfeb0d
    rsp = 0x00007f25ab8c9840   rip = 0x00007f25b9383b0d
    Found by: stack scanning

Thread 2
 0  libpthread-2.17.so + 0xba35
    rax = 0xfffffffffffffe00   rdx = 0x0000000000000007
    rcx = 0xffffffffffffffff   rbx = 0x0000000000000000
    rsi = 0x0000000000000080   rdi = 0x00000000059830b4
    rbp = 0x00007f25ab0c8790   rsp = 0x00007f25ab0c8730
     r8 = 0x0000000005983000    r9 = 0x0000000000000003
    r10 = 0x0000000000000000   r11 = 0x0000000000000246
    r12 = 0x0000000000000000   r13 = 0x0000000000801000
    r14 = 0x0000000000000004   r15 = 0x00007f25ab0ca700
    rip = 0x00007f25b9d3ea35
    Found by: given as instruction pointer in context
 1  libsn_ida_producer_consumer.so + 0x1593
    rbp = 0x00007f25ab0c8790   rsp = 0x00007f25ab0c8760
    rip = 0x00007f25ba145593
    Found by: stack scanning
 2  libida_dump.so + 0x12c6f0
    rbp = 0x00007f25ab0c8790   rsp = 0x00007f25ab0c8788
    rip = 0x00007f25aba576f0
    Found by: stack scanning
 3  libpthread-2.17.so + 0x7ea5
    rsp = 0x00007f25ab0c87a0   rip = 0x00007f25b9d3aea5
    Found by: stack scanning
 4  xmsim + 0x401000
    rsp = 0x00007f25ab0c87d0   rip = 0x0000000000801000
    Found by: stack scanning
 5  libc-2.17.so + 0xfeb0d
    rsp = 0x00007f25ab0c8840   rip = 0x00007f25b9383b0d
    Found by: stack scanning

Loaded modules:
0x00400000 - 0x02ef9fff  xmsim  ???  (main)  (WARNING: No symbols, xmsim, BA1589BEC95F518C43F9346AFBBBF4070)
0x7f25aa852000 - 0x7f25aa8c4fff  libdwapi.so  ???
0x7f25aa8c5000 - 0x7f25aa8c9fff  libdwapi.so  ???
0x7f25ab8cc000 - 0x7f25ab8f8fff  libstcdump.so  ???
0x7f25ab92b000 - 0x7f25abaf0fff  libida_dump.so  ???  (WARNING: No symbols, libida_dump.so, D3BBC21744C29A13071958508DBA7AAF0)
0x7f25abb57000 - 0x7f25abbedfff  libcdns_ida_judy.so  ???
0x7f25b0b78000 - 0x7f25b0fdffff  libsscore_xcelium171.so  ???  (WARNING: No symbols, libsscore_xcelium171.so, 0B6BE4142F7E86F3C1ADB17989BB6A550)
0x7f25b0fe0000 - 0x7f25b11f2fff  libsscore_xcelium171.so  ???
0x7f25b1664000 - 0x7f25b167afff  libIUS.so  ???
0x7f25b167b000 - 0x7f25b187dfff  libIUS.so  ???
0x7f25b187f000 - 0x7f25b1885fff  librt-2.17.so  ???
0x7f25b1886000 - 0x7f25b1a86fff  librt-2.17.so  ???
0x7f25b1a9d000 - 0x7f25b1aacfff  ida.dsn  ???
0x7f25b1aad000 - 0x7f25b1ab3fff  gconv-modules.cache  ???
0x7f25b1ab4000 - 0x7f25b1ab7fff  libpli.so  ???
0x7f25b1ab8000 - 0x7f25b1cbbfff  libpli.so  ???
0x7f25b28af000 - 0x7f25b2a62fff  libStrapNC.so  ???
0x7f25b2a6e000 - 0x7f25b2b20fff  libdcapi.so  ???
0x7f25b2b21000 - 0x7f25b2b2dfff  libdcapi.so  ???
0x7f25b2b2f000 - 0x7f25b9071fff  locale-archive  ???
0x7f25b9072000 - 0x7f25b907dfff  libnss_files-2.17.so  ???
0x7f25b907e000 - 0x7f25b927efff  libnss_files-2.17.so  ???
0x7f25b9285000 - 0x7f25b9448fff  libc-2.17.so  ???  (WARNING: No symbols, libc-2.17.so, 79E270948F389C7FB2ED3B2872D0C2090)
0x7f25b9449000 - 0x7f25b964dfff  libc-2.17.so  ???  (WARNING: No symbols, libc-2.17.so, 000000000000000000000000000000000)
0x7f25b9653000 - 0x7f25b9829fff  libstdc++.so.6.0.28  ???
0x7f25b982d000 - 0x7f25b992dfff  libm-2.17.so  ???
0x7f25b992e000 - 0x7f25b9b2efff  libm-2.17.so  ???
0x7f25b9b2f000 - 0x7f25b9b30fff  libdl-2.17.so  ???
0x7f25b9b31000 - 0x7f25b9d32fff  libdl-2.17.so  ???
0x7f25b9d33000 - 0x7f25b9d49fff  libpthread-2.17.so  ???  (WARNING: No symbols, libpthread-2.17.so, F2C80CE132B93DFCAEDA22F8DAC5EBB90)
0x7f25b9d4a000 - 0x7f25b9f4afff  libpthread-2.17.so  ???
0x7f25b9f4f000 - 0x7f25b9f70fff  ld-2.17.so  ???
0x7f25b9f71000 - 0x7f25b9f7efff  libida.so  ???
0x7f25b9f7f000 - 0x7f25b9f8afff  libindago.so  ???
0x7f25b9f8b000 - 0x7f25b9f93fff  libxdt.so  ???
0x7f25ba017000 - 0x7f25ba0affff  libxmjudy.so.1.0.3  ???
0x7f25ba0b0000 - 0x7f25ba114fff  libcbreakpad.so  ???  (WARNING: No symbols, libcbreakpad.so, 63B86735150D8CAFFEA2339F8607BB350)
0x7f25ba115000 - 0x7f25ba119fff  libcbreakpad.so  ???
0x7f25ba126000 - 0x7f25ba13ffff  libgcc_s.so.1  ???
0x7f25ba144000 - 0x7f25ba148fff  libsn_ida_producer_consumer.so  ???  (WARNING: No symbols, libsn_ida_producer_consumer.so, 56CBB42E376BE9299FD060AAE810E5FA0)
0x7f25ba14b000 - 0x7f25ba16efff  libml_uvm.so  ???
0x7f25ba170000 - 0x7f25ba171fff  ld-2.17.so  ???
0x7ffc105e1000 - 0x7ffc105e2fff  linux-gate.so  ???

******BACKTRACE*****
vserror (xmsim) [0x18e1f36]
serror (xmsim) [0x18e3a95]
sv_seghandler_aux (xmsim) [0xb47314]
sv_seghandler (xmsim) [0xb4791d]
sslux_scalar_size (xmsim) [0xd0f961]
sslu_vcd_add_register (xmsim) [0xe1b0a4]
sslu_vcd_xbuild_tree (xmsim) [0xe1c71b]
sslu_vcd_xbuild_tree (xmsim) [0xe1bc1d]
sslu_vcd_xbuild_tree (xmsim) [0xe1bc1d]
sslu_vcd_build_tree (xmsim) [0xe1da59]
sslu_vcd_do_items (xmsim) [0xe285ee]
sslu_vcd_do_items (xmsim) [0xe2809a]
ssl_vcd_add_items (xmsim) [0xe29b5e]
rtl_dumpvars (xmsim) [0xaff23a]
******BACKTRACE END*****