Operating system: Linux
                  0.0.0 Linux 3.10.0-1160.90.1.el7.x86_64 #1 SMP Thu May 4 15:21:22 UTC 2023 x86_64
CPU: amd64
     family 6 model 94 stepping 3
     1 CPU

GPU: UNKNOWN

Crash reason:  DUMP_REQUESTED
Crash address: 0x7fadd3288406
Process uptime: not available

Thread 0 (crashed)
 0  libcbreakpad.so + 0x36406
    rax = 0x00007fadd325f4d5   rdx = 0x0000000000000000
    rcx = 0x00007fadd3286cb2   rbx = 0x00007fadcb9c1980
    rsi = 0x0000000000000001   rdi = 0x00007fadcb9c1308
    rbp = 0x00007fadcb9c18c0   rsp = 0x00007fadcb9c1270
     r8 = 0x0000000000000000    r9 = 0x0000000000000000
    r10 = 0x0000000000000000   r11 = 0x0000000005908480
    r12 = 0x0000000000000000   r13 = 0x00007fadcb9c1ce8
    r14 = 0x00007fadcb9c1900   r15 = 0x0000000000d0f961
    rip = 0x00007fadd3288406
    Found by: given as instruction pointer in context
 1  libcbreakpad.so + 0x34672
    rbp = 0x00007fadcb9c1a10   rsp = 0x00007fadcb9c18d0
    rip = 0x00007fadd3286672
    Found by: previous frame's frame pointer
 2  xmsim + 0x696630
    rbp = 0x00007fadcb9c1a10   rsp = 0x00007fadcb9c1968
    rip = 0x0000000000a96630
    Found by: stack scanning
 3  xmsim + 0x5a771c
    rbp = 0x00007fadcb9c1a10   rsp = 0x00007fadcb9c1980
    rip = 0x00000000009a771c
    Found by: stack scanning
 4  xmsim + 0x14e1f36
    rsp = 0x00007fadcb9c1a20   rip = 0x00000000018e1f36
    Found by: stack scanning
 5  libc-2.17.so + 0x78179
    rsp = 0x00007fadcb9c1a40   rip = 0x00007fadd249f179
    Found by: stack scanning
 6  libc-2.17.so + 0x53447
    rsp = 0x00007fadcb9c1ac0   rip = 0x00007fadd247a447
    Found by: stack scanning
 7  libc-2.17.so + 0xefbc9
    rsp = 0x00007fadcb9c1ae0   rip = 0x00007fadd2516bc9
    Found by: stack scanning
 8  libc-2.17.so + 0x7a2f3
    rsp = 0x00007fadcb9c1af0   rip = 0x00007fadd24a12f3
    Found by: stack scanning
 9  libc-2.17.so + 0x7ab90
    rsp = 0x00007fadcb9c1b20   rip = 0x00007fadd24a1b90
    Found by: stack scanning
10  libc-2.17.so + 0x200380
    rsp = 0x00007fadcb9c1b58   rip = 0x00007fadd27eb380
    Found by: stack scanning
11  libc-2.17.so + 0x6f05b
    rsp = 0x00007fadcb9c1b70   rip = 0x00007fadd249605b
    Found by: stack scanning
12  libsscore_xcelium171.so + 0x1f436e
    rsp = 0x00007fadcb9c1ba0   rip = 0x00007fadc9f0e36e
    Found by: stack scanning
13  libsscore_xcelium171.so + 0x334b89
    rsp = 0x00007fadcb9c1bc0   rip = 0x00007fadca04eb89
    Found by: stack scanning
14  libsscore_xcelium171.so + 0x3422b9
    rsp = 0x00007fadcb9c1bc8   rip = 0x00007fadca05c2b9
    Found by: stack scanning
15  libc-2.17.so + 0x204000
    rsp = 0x00007fadcb9c1be0   rip = 0x00007fadd27ef000
    Found by: stack scanning
16  libc-2.17.so + 0xb60a5
    rsp = 0x00007fadcb9c1c00   rip = 0x00007fadd24dd0a5
    Found by: stack scanning
17  libsscore_xcelium171.so + 0x1f46ff
    rsp = 0x00007fadcb9c1c60   rip = 0x00007fadc9f0e6ff
    Found by: stack scanning
18  libc-2.17.so + 0x204000
    rsp = 0x00007fadcb9c1c88   rip = 0x00007fadd27ef000
    Found by: stack scanning
19  libc-2.17.so + 0x392d2
    rsp = 0x00007fadcb9c1ca0   rip = 0x00007fadd24602d2
    Found by: stack scanning
20  xmsim + 0x90f961
    rsp = 0x00007fadcb9c1cd8   rip = 0x0000000000d0f961
    Found by: stack scanning
21  xmsim + 0x14e3a95
    rsp = 0x00007fadcb9c1ce0   rip = 0x00000000018e3a95
    Found by: stack scanning
22  xmsim + 0x1f4dd50
    rsp = 0x00007fadcb9c1d10   rip = 0x000000000234dd50
    Found by: stack scanning
23  libsscore_xcelium171.so + 0x16f904
    rsp = 0x00007fadcb9c1d40   rip = 0x00007fadc9e89904
    Found by: stack scanning
24  libsscore_xcelium171.so + 0x16fc7e
    rsp = 0x00007fadcb9c1d80   rip = 0x00007fadc9e89c7e
    Found by: stack scanning
25  xmsim + 0x6e5515
    rsp = 0x00007fadcb9c1d90   rip = 0x0000000000ae5515
    Found by: stack scanning
26  xmsim + 0x741f49
    rsp = 0x00007fadcb9c1db0   rip = 0x0000000000b41f49
    Found by: stack scanning
27  xmsim + 0x747314
    rsp = 0x00007fadcb9c1dc0   rip = 0x0000000000b47314
    Found by: stack scanning
28  xmsim + 0x74791d
    rsp = 0x00007fadcb9c1ea0   rip = 0x0000000000b4791d
    Found by: stack scanning
29  libsscore_xcelium171.so + 0xefd60
    rsp = 0x00007fadcb9c1ed0   rip = 0x00007fadc9e09d60
    Found by: stack scanning
30  libpthread-2.17.so + 0xf630
    rsp = 0x00007fadcb9c1f00   rip = 0x00007fadd2ee4630
    Found by: stack scanning
31  xmsim + 0x90f961
    rsp = 0x00007fadcb9c1fb0   rip = 0x0000000000d0f961
    Found by: stack scanning
32  xmsim + 0x5a04d2
    rsp = 0x00007fadcb9c2010   rip = 0x00000000009a04d2
    Found by: stack scanning
33  xmsim + 0x5a04d2
    rsp = 0x00007fadcb9c20a0   rip = 0x00000000009a04d2
    Found by: stack scanning

Thread 1
 0  libpthread-2.17.so + 0xba35
    rax = 0xfffffffffffffe00   rdx = 0x0000000000000001
    rcx = 0xffffffffffffffff   rbx = 0x0000000000000000
    rsi = 0x0000000000000080   rdi = 0x0000000005e16da4
    rbp = 0x00007fadc4a6b790   rsp = 0x00007fadc4a6b730
     r8 = 0x0000000005e0e200    r9 = 0x0000000000000000
    r10 = 0x0000000000000000   r11 = 0x0000000000000246
    r12 = 0x0000000000000000   r13 = 0x0000000000801000
    r14 = 0x0000000000000004   r15 = 0x00007fadc4a6d700
    rip = 0x00007fadd2ee0a35
    Found by: given as instruction pointer in context
 1  libsn_ida_producer_consumer.so + 0x1593
    rbp = 0x00007fadc4a6b790   rsp = 0x00007fadc4a6b760
    rip = 0x00007fadd32e7593
    Found by: stack scanning
 2  libida_dump.so + 0x10e8a0
    rbp = 0x00007fadc4a6b790   rsp = 0x00007fadc4a6b788
    rip = 0x00007fadc4bdb8a0
    Found by: stack scanning
 3  libpthread-2.17.so + 0x7ea5
    rsp = 0x00007fadc4a6b7a0   rip = 0x00007fadd2edcea5
    Found by: stack scanning
 4  xmsim + 0x401000
    rsp = 0x00007fadc4a6b7d0   rip = 0x0000000000801000
    Found by: stack scanning
 5  libc-2.17.so + 0xfeb0d
    rsp = 0x00007fadc4a6b840   rip = 0x00007fadd2525b0d
    Found by: stack scanning

Thread 2
 0  libpthread-2.17.so + 0xba35
    rax = 0xfffffffffffffe00   rdx = 0x0000000000000007
    rcx = 0xffffffffffffffff   rbx = 0x0000000000000000
    rsi = 0x0000000000000080   rdi = 0x0000000005e171b4
    rbp = 0x00007fadc426a790   rsp = 0x00007fadc426a730
     r8 = 0x0000000005e0f500    r9 = 0x0000000000000003
    r10 = 0x0000000000000000   r11 = 0x0000000000000246
    r12 = 0x0000000000000000   r13 = 0x0000000000801000
    r14 = 0x0000000000000004   r15 = 0x00007fadc426c700
    rip = 0x00007fadd2ee0a35
    Found by: given as instruction pointer in context
 1  libsn_ida_producer_consumer.so + 0x1593
    rbp = 0x00007fadc426a790   rsp = 0x00007fadc426a760
    rip = 0x00007fadd32e7593
    Found by: stack scanning
 2  libida_dump.so + 0x12c6f0
    rbp = 0x00007fadc426a790   rsp = 0x00007fadc426a788
    rip = 0x00007fadc4bf96f0
    Found by: stack scanning
 3  libpthread-2.17.so + 0x7ea5
    rsp = 0x00007fadc426a7a0   rip = 0x00007fadd2edcea5
    Found by: stack scanning
 4  xmsim + 0x401000
    rsp = 0x00007fadc426a7d0   rip = 0x0000000000801000
    Found by: stack scanning
 5  libc-2.17.so + 0xfeb0d
    rsp = 0x00007fadc426a840   rip = 0x00007fadd2525b0d
    Found by: stack scanning

Loaded modules:
0x00400000 - 0x02ef9fff  xmsim  ???  (main)  (WARNING: No symbols, xmsim, BA1589BEC95F518C43F9346AFBBBF4070)
0x7fadc39f4000 - 0x7fadc3a66fff  libdwapi.so  ???
0x7fadc3a67000 - 0x7fadc3a6bfff  libdwapi.so  ???
0x7fadc4a6e000 - 0x7fadc4a9afff  libstcdump.so  ???
0x7fadc4acd000 - 0x7fadc4c92fff  libida_dump.so  ???  (WARNING: No symbols, libida_dump.so, D3BBC21744C29A13071958508DBA7AAF0)
0x7fadc4cf9000 - 0x7fadc4d8ffff  libcdns_ida_judy.so  ???
0x7fadc9d1a000 - 0x7fadca181fff  libsscore_xcelium171.so  ???  (WARNING: No symbols, libsscore_xcelium171.so, 0B6BE4142F7E86F3C1ADB17989BB6A550)
0x7fadca182000 - 0x7fadca394fff  libsscore_xcelium171.so  ???
0x7fadca806000 - 0x7fadca81cfff  libIUS.so  ???
0x7fadca81d000 - 0x7fadcaa1ffff  libIUS.so  ???
0x7fadcaa21000 - 0x7fadcaa27fff  librt-2.17.so  ???
0x7fadcaa28000 - 0x7fadcac28fff  librt-2.17.so  ???
0x7fadcac3f000 - 0x7fadcac4efff  ida.dsn  ???
0x7fadcac4f000 - 0x7fadcac55fff  gconv-modules.cache  ???
0x7fadcac56000 - 0x7fadcac59fff  libpli.so  ???
0x7fadcac5a000 - 0x7fadcae5dfff  libpli.so  ???
0x7fadcba51000 - 0x7fadcbc04fff  libStrapNC.so  ???
0x7fadcbc10000 - 0x7fadcbcc2fff  libdcapi.so  ???
0x7fadcbcc3000 - 0x7fadcbccffff  libdcapi.so  ???
0x7fadcbcd1000 - 0x7fadd2213fff  locale-archive  ???
0x7fadd2214000 - 0x7fadd221ffff  libnss_files-2.17.so  ???
0x7fadd2220000 - 0x7fadd2420fff  libnss_files-2.17.so  ???
0x7fadd2427000 - 0x7fadd25eafff  libc-2.17.so  ???  (WARNING: No symbols, libc-2.17.so, 79E270948F389C7FB2ED3B2872D0C2090)
0x7fadd25eb000 - 0x7fadd27effff  libc-2.17.so  ???  (WARNING: No symbols, libc-2.17.so, 000000000000000000000000000000000)
0x7fadd27f5000 - 0x7fadd29cbfff  libstdc++.so.6.0.28  ???
0x7fadd29cf000 - 0x7fadd2acffff  libm-2.17.so  ???
0x7fadd2ad0000 - 0x7fadd2cd0fff  libm-2.17.so  ???
0x7fadd2cd1000 - 0x7fadd2cd2fff  libdl-2.17.so  ???
0x7fadd2cd3000 - 0x7fadd2ed4fff  libdl-2.17.so  ???
0x7fadd2ed5000 - 0x7fadd2eebfff  libpthread-2.17.so  ???  (WARNING: No symbols, libpthread-2.17.so, F2C80CE132B93DFCAEDA22F8DAC5EBB90)
0x7fadd2eec000 - 0x7fadd30ecfff  libpthread-2.17.so  ???
0x7fadd30f1000 - 0x7fadd3112fff  ld-2.17.so  ???
0x7fadd3113000 - 0x7fadd3120fff  libida.so  ???
0x7fadd3121000 - 0x7fadd312cfff  libindago.so  ???
0x7fadd312d000 - 0x7fadd3135fff  libxdt.so  ???
0x7fadd31b9000 - 0x7fadd3251fff  libxmjudy.so.1.0.3  ???
0x7fadd3252000 - 0x7fadd32b6fff  libcbreakpad.so  ???  (WARNING: No symbols, libcbreakpad.so, 63B86735150D8CAFFEA2339F8607BB350)
0x7fadd32b7000 - 0x7fadd32bbfff  libcbreakpad.so  ???
0x7fadd32c8000 - 0x7fadd32e1fff  libgcc_s.so.1  ???
0x7fadd32e6000 - 0x7fadd32eafff  libsn_ida_producer_consumer.so  ???  (WARNING: No symbols, libsn_ida_producer_consumer.so, 56CBB42E376BE9299FD060AAE810E5FA0)
0x7fadd32ed000 - 0x7fadd3310fff  libml_uvm.so  ???
0x7fadd3312000 - 0x7fadd3313fff  ld-2.17.so  ???
0x7ffdfc5b6000 - 0x7ffdfc5b7fff  linux-gate.so  ???

******BACKTRACE*****
vserror (xmsim) [0x18e1f36]
serror (xmsim) [0x18e3a95]
sv_seghandler_aux (xmsim) [0xb47314]
sv_seghandler (xmsim) [0xb4791d]
sslux_scalar_size (xmsim) [0xd0f961]
sslu_vcd_add_register (xmsim) [0xe1b0a4]
sslu_vcd_xbuild_tree (xmsim) [0xe1c71b]
sslu_vcd_xbuild_tree (xmsim) [0xe1bc1d]
sslu_vcd_xbuild_tree (xmsim) [0xe1bc1d]
sslu_vcd_build_tree (xmsim) [0xe1da59]
sslu_vcd_do_items (xmsim) [0xe285ee]
sslu_vcd_do_items (xmsim) [0xe2809a]
ssl_vcd_add_items (xmsim) [0xe29b5e]
rtl_dumpvars (xmsim) [0xaff23a]
******BACKTRACE END*****