Operating system: Linux
                  0.0.0 Linux 3.10.0-1160.90.1.el7.x86_64 #1 SMP Thu May 4 15:21:22 UTC 2023 x86_64
CPU: amd64
     family 6 model 94 stepping 3
     1 CPU

GPU: UNKNOWN

Crash reason:  DUMP_REQUESTED
Crash address: 0x7fb745c3e406
Process uptime: not available

Thread 0 (crashed)
 0  libcbreakpad.so + 0x36406
    rax = 0x00007fb745c154d5   rdx = 0x0000000000000000
    rcx = 0x00007fb745c3ccb2   rbx = 0x00007fb73e377980
    rsi = 0x0000000000000001   rdi = 0x00007fb73e377308
    rbp = 0x00007fb73e3778c0   rsp = 0x00007fb73e377270
     r8 = 0x0000000000000000    r9 = 0x0000000000000000
    r10 = 0x0000000000000000   r11 = 0x0000000005e03480
    r12 = 0x0000000000000000   r13 = 0x00007fb73e377ce8
    r14 = 0x00007fb73e377900   r15 = 0x0000000000d0f961
    rip = 0x00007fb745c3e406
    Found by: given as instruction pointer in context
 1  libcbreakpad.so + 0x34672
    rbp = 0x00007fb73e377a10   rsp = 0x00007fb73e3778d0
    rip = 0x00007fb745c3c672
    Found by: previous frame's frame pointer
 2  xmsim + 0x696630
    rbp = 0x00007fb73e377a10   rsp = 0x00007fb73e377968
    rip = 0x0000000000a96630
    Found by: stack scanning
 3  xmsim + 0x5a771c
    rbp = 0x00007fb73e377a10   rsp = 0x00007fb73e377980
    rip = 0x00000000009a771c
    Found by: stack scanning
 4  xmsim + 0x14e1f36
    rsp = 0x00007fb73e377a20   rip = 0x00000000018e1f36
    Found by: stack scanning
 5  libc-2.17.so + 0x78179
    rsp = 0x00007fb73e377a40   rip = 0x00007fb744e55179
    Found by: stack scanning
 6  libc-2.17.so + 0x53447
    rsp = 0x00007fb73e377ac0   rip = 0x00007fb744e30447
    Found by: stack scanning
 7  libc-2.17.so + 0x1ff000
    rsp = 0x00007fb73e377ac8   rip = 0x00007fb7451a0000
    Found by: stack scanning
 8  libc-2.17.so + 0xefbc9
    rsp = 0x00007fb73e377ae0   rip = 0x00007fb744eccbc9
    Found by: stack scanning
 9  libc-2.17.so + 0x7a2f3
    rsp = 0x00007fb73e377af0   rip = 0x00007fb744e572f3
    Found by: stack scanning
10  libc-2.17.so + 0x7ab90
    rsp = 0x00007fb73e377b20   rip = 0x00007fb744e57b90
    Found by: stack scanning
11  libc-2.17.so + 0x200380
    rsp = 0x00007fb73e377b58   rip = 0x00007fb7451a1380
    Found by: stack scanning
12  libc-2.17.so + 0x6f05b
    rsp = 0x00007fb73e377b70   rip = 0x00007fb744e4c05b
    Found by: stack scanning
13  libsscore_xcelium171.so + 0x1f436e
    rsp = 0x00007fb73e377ba0   rip = 0x00007fb73c8c436e
    Found by: stack scanning
14  libsscore_xcelium171.so + 0x334b89
    rsp = 0x00007fb73e377bc0   rip = 0x00007fb73ca04b89
    Found by: stack scanning
15  libsscore_xcelium171.so + 0x3422b9
    rsp = 0x00007fb73e377bc8   rip = 0x00007fb73ca122b9
    Found by: stack scanning
16  libc-2.17.so + 0x204000
    rsp = 0x00007fb73e377be0   rip = 0x00007fb7451a5000
    Found by: stack scanning
17  libc-2.17.so + 0xb60a5
    rsp = 0x00007fb73e377c00   rip = 0x00007fb744e930a5
    Found by: stack scanning
18  libsscore_xcelium171.so + 0x1f46ff
    rsp = 0x00007fb73e377c60   rip = 0x00007fb73c8c46ff
    Found by: stack scanning
19  libc-2.17.so + 0x204000
    rsp = 0x00007fb73e377c88   rip = 0x00007fb7451a5000
    Found by: stack scanning
20  libc-2.17.so + 0x392d2
    rsp = 0x00007fb73e377ca0   rip = 0x00007fb744e162d2
    Found by: stack scanning
21  xmsim + 0x90f961
    rsp = 0x00007fb73e377cd8   rip = 0x0000000000d0f961
    Found by: stack scanning
22  xmsim + 0x14e3a95
    rsp = 0x00007fb73e377ce0   rip = 0x00000000018e3a95
    Found by: stack scanning
23  xmsim + 0x1f4dd50
    rsp = 0x00007fb73e377d10   rip = 0x000000000234dd50
    Found by: stack scanning
24  libsscore_xcelium171.so + 0x16f904
    rsp = 0x00007fb73e377d40   rip = 0x00007fb73c83f904
    Found by: stack scanning
25  libsscore_xcelium171.so + 0x16fc7e
    rsp = 0x00007fb73e377d80   rip = 0x00007fb73c83fc7e
    Found by: stack scanning
26  xmsim + 0x6e5515
    rsp = 0x00007fb73e377d90   rip = 0x0000000000ae5515
    Found by: stack scanning
27  xmsim + 0x741f49
    rsp = 0x00007fb73e377db0   rip = 0x0000000000b41f49
    Found by: stack scanning
28  xmsim + 0x747314
    rsp = 0x00007fb73e377dc0   rip = 0x0000000000b47314
    Found by: stack scanning
29  xmsim + 0x74791d
    rsp = 0x00007fb73e377ea0   rip = 0x0000000000b4791d
    Found by: stack scanning
30  libsscore_xcelium171.so + 0xefd60
    rsp = 0x00007fb73e377ed0   rip = 0x00007fb73c7bfd60
    Found by: stack scanning
31  libpthread-2.17.so + 0xf630
    rsp = 0x00007fb73e377f00   rip = 0x00007fb74589a630
    Found by: stack scanning
32  xmsim + 0x90f961
    rsp = 0x00007fb73e377fb0   rip = 0x0000000000d0f961
    Found by: stack scanning
33  xmsim + 0x5a04d2
    rsp = 0x00007fb73e378010   rip = 0x00000000009a04d2
    Found by: stack scanning
34  xmsim + 0x5a04d2
    rsp = 0x00007fb73e3780a0   rip = 0x00000000009a04d2
    Found by: stack scanning

Thread 1
 0  libpthread-2.17.so + 0xba35
    rax = 0xfffffffffffffe00   rdx = 0x0000000000000001
    rcx = 0xffffffffffffffff   rbx = 0x0000000000000000
    rsi = 0x0000000000000080   rdi = 0x00000000063097c4
    rbp = 0x00007fb737421790   rsp = 0x00007fb737421730
     r8 = 0x0000000006311600    r9 = 0x0000000000000000
    r10 = 0x0000000000000000   r11 = 0x0000000000000246
    r12 = 0x0000000000000000   r13 = 0x0000000000801000
    r14 = 0x0000000000000004   r15 = 0x00007fb737423700
    rip = 0x00007fb745896a35
    Found by: given as instruction pointer in context
 1  libsn_ida_producer_consumer.so + 0x1593
    rbp = 0x00007fb737421790   rsp = 0x00007fb737421760
    rip = 0x00007fb745c9d593
    Found by: stack scanning
 2  libida_dump.so + 0x10e8a0
    rbp = 0x00007fb737421790   rsp = 0x00007fb737421788
    rip = 0x00007fb7375918a0
    Found by: stack scanning
 3  libpthread-2.17.so + 0x7ea5
    rsp = 0x00007fb7374217a0   rip = 0x00007fb745892ea5
    Found by: stack scanning
 4  xmsim + 0x401000
    rsp = 0x00007fb7374217d0   rip = 0x0000000000801000
    Found by: stack scanning
 5  libc-2.17.so + 0xfeb0d
    rsp = 0x00007fb737421840   rip = 0x00007fb744edbb0d
    Found by: stack scanning

Thread 2
 0  libpthread-2.17.so + 0xba35
    rax = 0xfffffffffffffe00   rdx = 0x0000000000000007
    rcx = 0xffffffffffffffff   rbx = 0x0000000000000000
    rsi = 0x0000000000000080   rdi = 0x0000000006312004
    rbp = 0x00007fb736c20790   rsp = 0x00007fb736c20730
     r8 = 0x0000000006311f00    r9 = 0x0000000000000003
    r10 = 0x0000000000000000   r11 = 0x0000000000000246
    r12 = 0x0000000000000000   r13 = 0x0000000000801000
    r14 = 0x0000000000000004   r15 = 0x00007fb736c22700
    rip = 0x00007fb745896a35
    Found by: given as instruction pointer in context
 1  libsn_ida_producer_consumer.so + 0x1593
    rbp = 0x00007fb736c20790   rsp = 0x00007fb736c20760
    rip = 0x00007fb745c9d593
    Found by: stack scanning
 2  libida_dump.so + 0x12c6f0
    rbp = 0x00007fb736c20790   rsp = 0x00007fb736c20788
    rip = 0x00007fb7375af6f0
    Found by: stack scanning
 3  libpthread-2.17.so + 0x7ea5
    rsp = 0x00007fb736c207a0   rip = 0x00007fb745892ea5
    Found by: stack scanning
 4  xmsim + 0x401000
    rsp = 0x00007fb736c207d0   rip = 0x0000000000801000
    Found by: stack scanning
 5  libc-2.17.so + 0xfeb0d
    rsp = 0x00007fb736c20840   rip = 0x00007fb744edbb0d
    Found by: stack scanning

Loaded modules:
0x00400000 - 0x02ef9fff  xmsim  ???  (main)  (WARNING: No symbols, xmsim, BA1589BEC95F518C43F9346AFBBBF4070)
0x7fb7363aa000 - 0x7fb73641cfff  libdwapi.so  ???
0x7fb73641d000 - 0x7fb736421fff  libdwapi.so  ???
0x7fb737424000 - 0x7fb737450fff  libstcdump.so  ???
0x7fb737483000 - 0x7fb737648fff  libida_dump.so  ???  (WARNING: No symbols, libida_dump.so, D3BBC21744C29A13071958508DBA7AAF0)
0x7fb7376af000 - 0x7fb737745fff  libcdns_ida_judy.so  ???
0x7fb73c6d0000 - 0x7fb73cb37fff  libsscore_xcelium171.so  ???  (WARNING: No symbols, libsscore_xcelium171.so, 0B6BE4142F7E86F3C1ADB17989BB6A550)
0x7fb73cb38000 - 0x7fb73cd4afff  libsscore_xcelium171.so  ???
0x7fb73d1bc000 - 0x7fb73d1d2fff  libIUS.so  ???
0x7fb73d1d3000 - 0x7fb73d3d5fff  libIUS.so  ???
0x7fb73d3d7000 - 0x7fb73d3ddfff  librt-2.17.so  ???
0x7fb73d3de000 - 0x7fb73d5defff  librt-2.17.so  ???
0x7fb73d5f5000 - 0x7fb73d604fff  ida.dsn  ???
0x7fb73d605000 - 0x7fb73d60bfff  gconv-modules.cache  ???
0x7fb73d60c000 - 0x7fb73d60ffff  libpli.so  ???
0x7fb73d610000 - 0x7fb73d813fff  libpli.so  ???
0x7fb73e407000 - 0x7fb73e5bafff  libStrapNC.so  ???
0x7fb73e5c6000 - 0x7fb73e678fff  libdcapi.so  ???
0x7fb73e679000 - 0x7fb73e685fff  libdcapi.so  ???
0x7fb73e687000 - 0x7fb744bc9fff  locale-archive  ???
0x7fb744bca000 - 0x7fb744bd5fff  libnss_files-2.17.so  ???
0x7fb744bd6000 - 0x7fb744dd6fff  libnss_files-2.17.so  ???
0x7fb744ddd000 - 0x7fb744fa0fff  libc-2.17.so  ???  (WARNING: No symbols, libc-2.17.so, 79E270948F389C7FB2ED3B2872D0C2090)
0x7fb744fa1000 - 0x7fb7451a5fff  libc-2.17.so  ???  (WARNING: No symbols, libc-2.17.so, 000000000000000000000000000000000)
0x7fb7451ab000 - 0x7fb745381fff  libstdc++.so.6.0.28  ???
0x7fb745385000 - 0x7fb745485fff  libm-2.17.so  ???
0x7fb745486000 - 0x7fb745686fff  libm-2.17.so  ???
0x7fb745687000 - 0x7fb745688fff  libdl-2.17.so  ???
0x7fb745689000 - 0x7fb74588afff  libdl-2.17.so  ???
0x7fb74588b000 - 0x7fb7458a1fff  libpthread-2.17.so  ???  (WARNING: No symbols, libpthread-2.17.so, F2C80CE132B93DFCAEDA22F8DAC5EBB90)
0x7fb7458a2000 - 0x7fb745aa2fff  libpthread-2.17.so  ???
0x7fb745aa7000 - 0x7fb745ac8fff  ld-2.17.so  ???
0x7fb745ac9000 - 0x7fb745ad6fff  libida.so  ???
0x7fb745ad7000 - 0x7fb745ae2fff  libindago.so  ???
0x7fb745ae3000 - 0x7fb745aebfff  libxdt.so  ???
0x7fb745b6f000 - 0x7fb745c07fff  libxmjudy.so.1.0.3  ???
0x7fb745c08000 - 0x7fb745c6cfff  libcbreakpad.so  ???  (WARNING: No symbols, libcbreakpad.so, 63B86735150D8CAFFEA2339F8607BB350)
0x7fb745c6d000 - 0x7fb745c71fff  libcbreakpad.so  ???
0x7fb745c7e000 - 0x7fb745c97fff  libgcc_s.so.1  ???
0x7fb745c9c000 - 0x7fb745ca0fff  libsn_ida_producer_consumer.so  ???  (WARNING: No symbols, libsn_ida_producer_consumer.so, 56CBB42E376BE9299FD060AAE810E5FA0)
0x7fb745ca3000 - 0x7fb745cc6fff  libml_uvm.so  ???
0x7fb745cc8000 - 0x7fb745cc9fff  ld-2.17.so  ???
0x7ffdb1189000 - 0x7ffdb118afff  linux-gate.so  ???

******BACKTRACE*****
vserror (xmsim) [0x18e1f36]
serror (xmsim) [0x18e3a95]
sv_seghandler_aux (xmsim) [0xb47314]
sv_seghandler (xmsim) [0xb4791d]
sslux_scalar_size (xmsim) [0xd0f961]
sslu_vcd_add_register (xmsim) [0xe1b0a4]
sslu_vcd_xbuild_tree (xmsim) [0xe1c71b]
sslu_vcd_xbuild_tree (xmsim) [0xe1bc1d]
sslu_vcd_xbuild_tree (xmsim) [0xe1bc1d]
sslu_vcd_build_tree (xmsim) [0xe1da59]
sslu_vcd_do_items (xmsim) [0xe285ee]
sslu_vcd_do_items (xmsim) [0xe2809a]
ssl_vcd_add_items (xmsim) [0xe29b5e]
rtl_dumpvars (xmsim) [0xaff23a]
******BACKTRACE END*****