Operating system: Linux
                  0.0.0 Linux 3.10.0-1160.90.1.el7.x86_64 #1 SMP Thu May 4 15:21:22 UTC 2023 x86_64
CPU: amd64
     family 6 model 94 stepping 3
     1 CPU

GPU: UNKNOWN

Crash reason:  DUMP_REQUESTED
Crash address: 0x7ff70446e406
Process uptime: not available

Thread 0 (crashed)
 0  libcbreakpad.so + 0x36406
    rax = 0x00007ff7044454d5   rdx = 0x0000000000000000
    rcx = 0x00007ff70446ccb2   rbx = 0x00007ff6fcba7980
    rsi = 0x0000000000000001   rdi = 0x00007ff6fcba7308
    rbp = 0x00007ff6fcba78c0   rsp = 0x00007ff6fcba7270
     r8 = 0x0000000000000000    r9 = 0x0000000000000000
    r10 = 0x0000000000000000   r11 = 0x0000000004da9480
    r12 = 0x0000000000000000   r13 = 0x00007ff6fcba7ce8
    r14 = 0x00007ff6fcba7900   r15 = 0x0000000000d0f961
    rip = 0x00007ff70446e406
    Found by: given as instruction pointer in context
 1  libcbreakpad.so + 0x34672
    rbp = 0x00007ff6fcba7a10   rsp = 0x00007ff6fcba78d0
    rip = 0x00007ff70446c672
    Found by: previous frame's frame pointer
 2  xmsim + 0x696630
    rbp = 0x00007ff6fcba7a10   rsp = 0x00007ff6fcba7968
    rip = 0x0000000000a96630
    Found by: stack scanning
 3  xmsim + 0x5a771c
    rbp = 0x00007ff6fcba7a10   rsp = 0x00007ff6fcba7980
    rip = 0x00000000009a771c
    Found by: stack scanning
 4  xmsim + 0x14e1f36
    rsp = 0x00007ff6fcba7a20   rip = 0x00000000018e1f36
    Found by: stack scanning
 5  libc-2.17.so + 0x78179
    rsp = 0x00007ff6fcba7a40   rip = 0x00007ff703685179
    Found by: stack scanning
 6  libc-2.17.so + 0x53447
    rsp = 0x00007ff6fcba7ac0   rip = 0x00007ff703660447
    Found by: stack scanning
 7  libc-2.17.so + 0x1ff000
    rsp = 0x00007ff6fcba7ac8   rip = 0x00007ff7039d0000
    Found by: stack scanning
 8  libc-2.17.so + 0xefbc9
    rsp = 0x00007ff6fcba7ae0   rip = 0x00007ff7036fcbc9
    Found by: stack scanning
 9  libc-2.17.so + 0x7a2f3
    rsp = 0x00007ff6fcba7af0   rip = 0x00007ff7036872f3
    Found by: stack scanning
10  libc-2.17.so + 0x7ab90
    rsp = 0x00007ff6fcba7b20   rip = 0x00007ff703687b90
    Found by: stack scanning
11  libc-2.17.so + 0x200380
    rsp = 0x00007ff6fcba7b58   rip = 0x00007ff7039d1380
    Found by: stack scanning
12  libc-2.17.so + 0x6f05b
    rsp = 0x00007ff6fcba7b70   rip = 0x00007ff70367c05b
    Found by: stack scanning
13  libsscore_xcelium171.so + 0x1f436e
    rsp = 0x00007ff6fcba7ba0   rip = 0x00007ff6fb0f436e
    Found by: stack scanning
14  libsscore_xcelium171.so + 0x334b89
    rsp = 0x00007ff6fcba7bc0   rip = 0x00007ff6fb234b89
    Found by: stack scanning
15  libsscore_xcelium171.so + 0x3422b9
    rsp = 0x00007ff6fcba7bc8   rip = 0x00007ff6fb2422b9
    Found by: stack scanning
16  libc-2.17.so + 0x204000
    rsp = 0x00007ff6fcba7be0   rip = 0x00007ff7039d5000
    Found by: stack scanning
17  libc-2.17.so + 0xb60a5
    rsp = 0x00007ff6fcba7c00   rip = 0x00007ff7036c30a5
    Found by: stack scanning
18  libsscore_xcelium171.so + 0x1f46ff
    rsp = 0x00007ff6fcba7c60   rip = 0x00007ff6fb0f46ff
    Found by: stack scanning
19  libc-2.17.so + 0x204000
    rsp = 0x00007ff6fcba7c88   rip = 0x00007ff7039d5000
    Found by: stack scanning
20  libc-2.17.so + 0x392d2
    rsp = 0x00007ff6fcba7ca0   rip = 0x00007ff7036462d2
    Found by: stack scanning
21  xmsim + 0x90f961
    rsp = 0x00007ff6fcba7cd8   rip = 0x0000000000d0f961
    Found by: stack scanning
22  xmsim + 0x14e3a95
    rsp = 0x00007ff6fcba7ce0   rip = 0x00000000018e3a95
    Found by: stack scanning
23  xmsim + 0x1f4dd50
    rsp = 0x00007ff6fcba7d10   rip = 0x000000000234dd50
    Found by: stack scanning
24  libsscore_xcelium171.so + 0x16f904
    rsp = 0x00007ff6fcba7d40   rip = 0x00007ff6fb06f904
    Found by: stack scanning
25  libsscore_xcelium171.so + 0x16fc7e
    rsp = 0x00007ff6fcba7d80   rip = 0x00007ff6fb06fc7e
    Found by: stack scanning
26  xmsim + 0x6e5515
    rsp = 0x00007ff6fcba7d90   rip = 0x0000000000ae5515
    Found by: stack scanning
27  xmsim + 0x741f49
    rsp = 0x00007ff6fcba7db0   rip = 0x0000000000b41f49
    Found by: stack scanning
28  xmsim + 0x747314
    rsp = 0x00007ff6fcba7dc0   rip = 0x0000000000b47314
    Found by: stack scanning
29  xmsim + 0x74791d
    rsp = 0x00007ff6fcba7ea0   rip = 0x0000000000b4791d
    Found by: stack scanning
30  libsscore_xcelium171.so + 0xefd60
    rsp = 0x00007ff6fcba7ed0   rip = 0x00007ff6fafefd60
    Found by: stack scanning
31  libpthread-2.17.so + 0xf630
    rsp = 0x00007ff6fcba7f00   rip = 0x00007ff7040ca630
    Found by: stack scanning
32  xmsim + 0x90f961
    rsp = 0x00007ff6fcba7fb0   rip = 0x0000000000d0f961
    Found by: stack scanning
33  xmsim + 0x5a04d2
    rsp = 0x00007ff6fcba8010   rip = 0x00000000009a04d2
    Found by: stack scanning
34  xmsim + 0x5a04d2
    rsp = 0x00007ff6fcba80a0   rip = 0x00000000009a04d2
    Found by: stack scanning

Thread 1
 0  libpthread-2.17.so + 0xba35
    rax = 0xfffffffffffffe00   rdx = 0x0000000000000001
    rcx = 0xffffffffffffffff   rbx = 0x0000000000000000
    rsi = 0x0000000000000080   rdi = 0x00000000052b7d94
    rbp = 0x00007ff6f5c51790   rsp = 0x00007ff6f5c51730
     r8 = 0x00000000052af200    r9 = 0x0000000000000000
    r10 = 0x0000000000000000   r11 = 0x0000000000000246
    r12 = 0x0000000000000000   r13 = 0x0000000000801000
    r14 = 0x0000000000000004   r15 = 0x00007ff6f5c53700
    rip = 0x00007ff7040c6a35
    Found by: given as instruction pointer in context
 1  libsn_ida_producer_consumer.so + 0x1593
    rbp = 0x00007ff6f5c51790   rsp = 0x00007ff6f5c51760
    rip = 0x00007ff7044cd593
    Found by: stack scanning
 2  libida_dump.so + 0x10e8a0
    rbp = 0x00007ff6f5c51790   rsp = 0x00007ff6f5c51788
    rip = 0x00007ff6f5dc18a0
    Found by: stack scanning
 3  libpthread-2.17.so + 0x7ea5
    rsp = 0x00007ff6f5c517a0   rip = 0x00007ff7040c2ea5
    Found by: stack scanning
 4  xmsim + 0x401000
    rsp = 0x00007ff6f5c517d0   rip = 0x0000000000801000
    Found by: stack scanning
 5  libc-2.17.so + 0xfeb0d
    rsp = 0x00007ff6f5c51840   rip = 0x00007ff70370bb0d
    Found by: stack scanning

Thread 2
 0  libpthread-2.17.so + 0xba35
    rax = 0xfffffffffffffe00   rdx = 0x0000000000000007
    rcx = 0xffffffffffffffff   rbx = 0x0000000000000000
    rsi = 0x0000000000000080   rdi = 0x00000000052b81a4
    rbp = 0x00007ff6f5450790   rsp = 0x00007ff6f5450730
     r8 = 0x00000000052b0500    r9 = 0x0000000000000003
    r10 = 0x0000000000000000   r11 = 0x0000000000000246
    r12 = 0x0000000000000000   r13 = 0x0000000000801000
    r14 = 0x0000000000000004   r15 = 0x00007ff6f5452700
    rip = 0x00007ff7040c6a35
    Found by: given as instruction pointer in context
 1  libsn_ida_producer_consumer.so + 0x1593
    rbp = 0x00007ff6f5450790   rsp = 0x00007ff6f5450760
    rip = 0x00007ff7044cd593
    Found by: stack scanning
 2  libida_dump.so + 0x12c6f0
    rbp = 0x00007ff6f5450790   rsp = 0x00007ff6f5450788
    rip = 0x00007ff6f5ddf6f0
    Found by: stack scanning
 3  libpthread-2.17.so + 0x7ea5
    rsp = 0x00007ff6f54507a0   rip = 0x00007ff7040c2ea5
    Found by: stack scanning
 4  xmsim + 0x401000
    rsp = 0x00007ff6f54507d0   rip = 0x0000000000801000
    Found by: stack scanning
 5  libc-2.17.so + 0xfeb0d
    rsp = 0x00007ff6f5450840   rip = 0x00007ff70370bb0d
    Found by: stack scanning

Loaded modules:
0x00400000 - 0x02ef9fff  xmsim  ???  (main)  (WARNING: No symbols, xmsim, BA1589BEC95F518C43F9346AFBBBF4070)
0x7ff6f4bda000 - 0x7ff6f4c4cfff  libdwapi.so  ???
0x7ff6f4c4d000 - 0x7ff6f4c51fff  libdwapi.so  ???
0x7ff6f5c54000 - 0x7ff6f5c80fff  libstcdump.so  ???
0x7ff6f5cb3000 - 0x7ff6f5e78fff  libida_dump.so  ???  (WARNING: No symbols, libida_dump.so, D3BBC21744C29A13071958508DBA7AAF0)
0x7ff6f5edf000 - 0x7ff6f5f75fff  libcdns_ida_judy.so  ???
0x7ff6faf00000 - 0x7ff6fb367fff  libsscore_xcelium171.so  ???  (WARNING: No symbols, libsscore_xcelium171.so, 0B6BE4142F7E86F3C1ADB17989BB6A550)
0x7ff6fb368000 - 0x7ff6fb57afff  libsscore_xcelium171.so  ???
0x7ff6fb9ec000 - 0x7ff6fba02fff  libIUS.so  ???
0x7ff6fba03000 - 0x7ff6fbc05fff  libIUS.so  ???
0x7ff6fbc07000 - 0x7ff6fbc0dfff  librt-2.17.so  ???
0x7ff6fbc0e000 - 0x7ff6fbe0efff  librt-2.17.so  ???
0x7ff6fbe25000 - 0x7ff6fbe34fff  ida.dsn  ???
0x7ff6fbe35000 - 0x7ff6fbe3bfff  gconv-modules.cache  ???
0x7ff6fbe3c000 - 0x7ff6fbe3ffff  libpli.so  ???
0x7ff6fbe40000 - 0x7ff6fc043fff  libpli.so  ???
0x7ff6fcc37000 - 0x7ff6fcdeafff  libStrapNC.so  ???
0x7ff6fcdf6000 - 0x7ff6fcea8fff  libdcapi.so  ???
0x7ff6fcea9000 - 0x7ff6fceb5fff  libdcapi.so  ???
0x7ff6fceb7000 - 0x7ff7033f9fff  locale-archive  ???
0x7ff7033fa000 - 0x7ff703405fff  libnss_files-2.17.so  ???
0x7ff703406000 - 0x7ff703606fff  libnss_files-2.17.so  ???
0x7ff70360d000 - 0x7ff7037d0fff  libc-2.17.so  ???  (WARNING: No symbols, libc-2.17.so, 79E270948F389C7FB2ED3B2872D0C2090)
0x7ff7037d1000 - 0x7ff7039d5fff  libc-2.17.so  ???  (WARNING: No symbols, libc-2.17.so, 000000000000000000000000000000000)
0x7ff7039db000 - 0x7ff703bb1fff  libstdc++.so.6.0.28  ???
0x7ff703bb5000 - 0x7ff703cb5fff  libm-2.17.so  ???
0x7ff703cb6000 - 0x7ff703eb6fff  libm-2.17.so  ???
0x7ff703eb7000 - 0x7ff703eb8fff  libdl-2.17.so  ???
0x7ff703eb9000 - 0x7ff7040bafff  libdl-2.17.so  ???
0x7ff7040bb000 - 0x7ff7040d1fff  libpthread-2.17.so  ???  (WARNING: No symbols, libpthread-2.17.so, F2C80CE132B93DFCAEDA22F8DAC5EBB90)
0x7ff7040d2000 - 0x7ff7042d2fff  libpthread-2.17.so  ???
0x7ff7042d7000 - 0x7ff7042f8fff  ld-2.17.so  ???
0x7ff7042f9000 - 0x7ff704306fff  libida.so  ???
0x7ff704307000 - 0x7ff704312fff  libindago.so  ???
0x7ff704313000 - 0x7ff70431bfff  libxdt.so  ???
0x7ff70439f000 - 0x7ff704437fff  libxmjudy.so.1.0.3  ???
0x7ff704438000 - 0x7ff70449cfff  libcbreakpad.so  ???  (WARNING: No symbols, libcbreakpad.so, 63B86735150D8CAFFEA2339F8607BB350)
0x7ff70449d000 - 0x7ff7044a1fff  libcbreakpad.so  ???
0x7ff7044ae000 - 0x7ff7044c7fff  libgcc_s.so.1  ???
0x7ff7044cc000 - 0x7ff7044d0fff  libsn_ida_producer_consumer.so  ???  (WARNING: No symbols, libsn_ida_producer_consumer.so, 56CBB42E376BE9299FD060AAE810E5FA0)
0x7ff7044d3000 - 0x7ff7044f6fff  libml_uvm.so  ???
0x7ff7044f8000 - 0x7ff7044f9fff  ld-2.17.so  ???
0x7ffdf1d08000 - 0x7ffdf1d09fff  linux-gate.so  ???

******BACKTRACE*****
vserror (xmsim) [0x18e1f36]
serror (xmsim) [0x18e3a95]
sv_seghandler_aux (xmsim) [0xb47314]
sv_seghandler (xmsim) [0xb4791d]
sslux_scalar_size (xmsim) [0xd0f961]
sslu_vcd_add_register (xmsim) [0xe1b0a4]
sslu_vcd_xbuild_tree (xmsim) [0xe1c71b]
sslu_vcd_xbuild_tree (xmsim) [0xe1bc1d]
sslu_vcd_xbuild_tree (xmsim) [0xe1bc1d]
sslu_vcd_build_tree (xmsim) [0xe1da59]
sslu_vcd_do_items (xmsim) [0xe285ee]
sslu_vcd_do_items (xmsim) [0xe2809a]
ssl_vcd_add_items (xmsim) [0xe29b5e]
rtl_dumpvars (xmsim) [0xaff23a]
******BACKTRACE END*****