xmsim(64) 22.03-s003
Linux 3.10.0-1160.90.1.el7.x86_64 #1 SMP Thu May 4 15:21:22 UTC 2023 x86_64
CPU cores: 8
Limit information:
======================================
cputime			unlimited
filesize		unlimited
datasize		unlimited
stacksize		8192 kbytes
coredumpsize	0 kbytes
memoryuse		unlimited
vmemoryuse		unlimited
descriptors		1024
memorylocked	64 kbytes
maxproc			4096
======================================
(Special)Runtime environment variables:

Runtime environment variables:
XDG_SEAT=seat0
XDG_SESSION_ID=1
OSTYPE=linux
LD_LIBRARY_PATH=/usr/cad/cadence/INNOVUS/INNOVUS_20.10.000/tools/lib/64bit:/usr/cad/cadence/INNOVUS/INNOVUS_20.10.000/tools/lib64:/usr/cad/cadence/INNOVUS/INNOVUS_20.10.000/tools/lib::/usr/cad/cadence/XCELIUM/XCELIUM_22.03.003/tools/lib/64bit:/usr/cad/cadence/XCELIUM/XCELIUM_22.03.003/tools/lib64:/usr/cad/cadence/XCELIUM/XCELIUM_22.03.003/tools/lib::::/usr/cad/synopsys/verdi/cur/etc/lib/libstdc++/LINUX64/:/usr/cad/synopsys/verdi/cur/share/PLI/IUS/LINUX64/://usr/cad/synopsys/verdi/cur/etc/lib/libstdc++/LINUX64/:/usr/cad/synopsys/verdi/cur/share/PLI/IUS/LINUX64/
DISPLAY=:0
WINDOWPATH=1
HOSTNAME=tool
DBUS_STARTER_ADDRESS=unix:abstract=/tmp/dbus-3U7FPI0CGO,guid=3bc3f8a0a28e0fab23d85b1e647ad880
QTLIB=/usr/lib64/qt-3.3/lib
MACHTYPE=x86_64
COLORTERM=truecolor
GNOME_TERMINAL_SERVICE=:1.368
GNOME_DESKTOP_SESSION_ID=this-is-deprecated
LOGNAME=eda
PERL5LIB=/home/eda/perl5/lib/perl5
PERL_LOCAL_LIB_ROOT=/home/eda/perl5
SHELL=/bin/csh
PATH=/usr/cad/cadence/INNOVUS/INNOVUS_20.10.000/tools/bin/64bit:/usr/cad/cadence/INNOVUS/INNOVUS_20.10.000/tools/bin:/usr/cad/cadence/XCELIUM/XCELIUM_22.03.003/tools/bin/64bit:/usr/cad/cadence/XCELIUM/XCELIUM_22.03.003/tools/bin:/usr/cad/synopsys/lc/2020.09//bin:/usr/cad/synopsys/synthesis/2020.09//amd64/syn/bin:/cad/synopsys/lc/cur/bin:/usr/cad/synopsys/verdi/cur/bin:/usr/cad/synopsys/verdi/cur/nLint/bin:/usr/cad/synopsys/verdi/cur/bin:/usr/cad/synopsys/verdi/cur/nLint/bin:/usr/lib64/qt-3.3/bin:/home/eda/perl5/bin:/usr/local/bin:/usr/local/sbin:/usr/bin:/usr/sbin:/bin:/sbin:/var/lib/snapd/snap/bin
XMODIFIERS=@im=ibus
XDG_MENU_PREFIX=gnome-
GNOME_SHELL_SESSION_MODE=classic
XAUTHORITY=/run/gdm/auth-for-eda-1Iygkk/database
XDG_SESSION_DESKTOP=gnome-classic
GDMSESSION=gnome-classic
HOST=tool
SSH_AUTH_SOCK=/run/user/1000/keyring/ssh
LESSOPEN=||/usr/bin/lesspipe.sh %s
VENDOR=unknown
LM_LICENSE_FILE=5280@lstc:26585@lstc:
QT_IM_MODULE=ibus
QT_GRAPHICSSYSTEM_CHECKED=1
HOSTTYPE=x86_64-linux
GROUP=eda
MAIL=/var/spool/mail/eda
USERNAME=eda
DESKTOP_SESSION=gnome-classic
XDG_RUNTIME_DIR=/run/user/1000
PERL_MM_OPT=INSTALL_BASE=/home/eda/perl5
PERL_HOMEDIR=1
USER=eda
QTDIR=/usr/lib64/qt-3.3
PWD=/home/eda/2023-IC-Design-Contest
VTE_VERSION=5204
QTINC=/usr/lib64/qt-3.3/include
IMSETTINGS_INTEGRATE_DESKTOP=yes
HOME=/home/eda
IMSETTINGS_MODULE=none
KDEDIRS=/usr
SSH_AGENT_PID=2969
XDG_DATA_DIRS=/home/eda/.local/share/flatpak/exports/share/:/var/lib/flatpak/exports/share/:/usr/local/share/:/usr/share/
LANG=en_US.UTF-8
GNOME_TERMINAL_SCREEN=/org/gnome/Terminal/screen/41467abb_e02b_46c2_9c3d_6eabe48f39d3
SHLVL=2
SHLIB_PATH=/usr/cad/synopsys/verdi/cur/etc/lib/libstdc++/LINUX64/:/usr/cad/synopsys/verdi/cur/etc/lib/libstdc++/LINUX64/
DBUS_STARTER_BUS_TYPE=session
GDM_LANG=en_US.UTF-8
XDG_VTNR=1
QT_PLUGIN_PATH=/usr/lib64/kde4/plugins:/usr/lib/kde4/plugins
XDG_SESSION_TYPE=x11
_=/usr/bin/dbus-launch
XDG_CURRENT_DESKTOP=GNOME-Classic:GNOME
TERM=xterm-256color
DBUS_SESSION_BUS_ADDRESS=unix:abstract=/tmp/dbus-3U7FPI0CGO,guid=3bc3f8a0a28e0fab23d85b1e647ad880
SESSION_MANAGER=local/unix:@/tmp/.ICE-unix/2986,unix/unix:/tmp/.ICE-unix/2986
PERL_MB_OPT=--install_base /home/eda/perl5
LS_COLORS=rs=0:di=38;5;27:ln=38;5;51:mh=44;38;5;15:pi=40;38;5;11:so=38;5;13:do=38;5;5:bd=48;5;232;38;5;11:cd=48;5;232;38;5;3:or=48;5;232;38;5;9:mi=05;48;5;232;38;5;15:su=48;5;196;38;5;15:sg=48;5;11;38;5;16:ca=48;5;196;38;5;226:tw=48;5;10;38;5;16:ow=48;5;10;38;5;21:st=48;5;21;38;5;15:ex=38;5;34:*.tar=38;5;9:*.tgz=38;5;9:*.arc=38;5;9:*.arj=38;5;9:*.taz=38;5;9:*.lha=38;5;9:*.lz4=38;5;9:*.lzh=38;5;9:*.lzma=38;5;9:*.tlz=38;5;9:*.txz=38;5;9:*.tzo=38;5;9:*.t7z=38;5;9:*.zip=38;5;9:*.z=38;5;9:*.Z=38;5;9:*.dz=38;5;9:*.gz=38;5;9:*.lrz=38;5;9:*.lz=38;5;9:*.lzo=38;5;9:*.xz=38;5;9:*.bz2=38;5;9:*.bz=38;5;9:*.tbz=38;5;9:*.tbz2=38;5;9:*.tz=38;5;9:*.deb=38;5;9:*.rpm=38;5;9:*.jar=38;5;9:*.war=38;5;9:*.ear=38;5;9:*.sar=38;5;9:*.rar=38;5;9:*.alz=38;5;9:*.ace=38;5;9:*.zoo=38;5;9:*.cpio=38;5;9:*.7z=38;5;9:*.rz=38;5;9:*.cab=38;5;9:*.jpg=38;5;13:*.jpeg=38;5;13:*.gif=38;5;13:*.bmp=38;5;13:*.pbm=38;5;13:*.pgm=38;5;13:*.ppm=38;5;13:*.tga=38;5;13:*.xbm=38;5;13:*.xpm=38;5;13:*.tif=38;5;13:*.tiff=38;5;13:*.png=38;5;13:*.svg=38;5;13:*.svgz=38;5;13:*.mng=38;5;13:*.pcx=38;5;13:*.mov=38;5;13:*.mpg=38;5;13:*.mpeg=38;5;13:*.m2v=38;5;13:*.mkv=38;5;13:*.webm=38;5;13:*.ogm=38;5;13:*.mp4=38;5;13:*.m4v=38;5;13:*.mp4v=38;5;13:*.vob=38;5;13:*.qt=38;5;13:*.nuv=38;5;13:*.wmv=38;5;13:*.asf=38;5;13:*.rm=38;5;13:*.rmvb=38;5;13:*.flc=38;5;13:*.avi=38;5;13:*.fli=38;5;13:*.flv=38;5;13:*.gl=38;5;13:*.dl=38;5;13:*.xcf=38;5;13:*.xwd=38;5;13:*.yuv=38;5;13:*.cgm=38;5;13:*.emf=38;5;13:*.axv=38;5;13:*.anx=38;5;13:*.ogv=38;5;13:*.ogx=38;5;13:*.aac=38;5;45:*.au=38;5;45:*.flac=38;5;45:*.mid=38;5;45:*.midi=38;5;45:*.mka=38;5;45:*.mp3=38;5;45:*.mpc=38;5;45:*.ogg=38;5;45:*.ra=38;5;45:*.wav=38;5;45:*.axa=38;5;45:*.oga=38;5;45:*.spx=38;5;45:*.xspf=38;5;45:
GIT_BRANCH_CMD=sh -c 'git branch --no-color 2> /dev/null' | sed -e '/^[^*]/d' -e 's/* \(.*\)/(\1)/'
SYN_MAN_DIR=/usr/cad/synopsys/lc/2020.09//doc/lc/man
MANPATH=/usr/cad/synopsys/synthesis/2020.09//doc/syn/man:/usr/cad/synopsys/lc/2020.09//doc/lc/man
SYNOPSYS_LC_ROOT=/cad/synopsys/lc/cur
_XRUNROOT_=/usr/cad/cadence/XCELIUM/XCELIUM_22.03.003/tools
_IRUNROOT_=/usr/cad/cadence/XCELIUM/XCELIUM_22.03.003/tools
_HELIUMROOT_=/usr/cad/cadence/XCELIUM/XCELIUM_22.03.003/tools
CDS_ARCH=lnx86
ARG_V_Y_IS_USED=1
XMRUNMODE=xrun:./xcelium.d/run.lnx8664.22.03.d
XRUNBATCH=FALSE
AMS_LOG_FILE_NAME=xrun.log
IMPERAS_PORT_FILE=.vsp_ovp_gdb_port
TCL_LIBRARY=/usr/cad/cadence/XCELIUM/XCELIUM_22.03.003/tools/inca/files/tcl/library
Runtime command line arguments:
argv[0]=xrun
argv[1]=tb.sv
argv[2]=LASER_syn.v
argv[3]=+define+GATE+USECOLOR+SDF
argv[4]=+access+r
argv[5]=-clean
argv[6]=-createdebugdb
argv[7]=-v
argv[8]=/home/eda/CBDK018_TSMC_Artisan/CIC/Verilog/tsmc18_neg.v
argv[9]=+ncmaxdelays
110 profile - 100
          CPU/Mem usage: 0.060 sys,  0.180 user,  227.16M sys,  0.00M vm
111 VC callback profile - scalar:0 vector:0
112 Tue Jun  6 20:45:22 2023
113 pliAppInit
114 FSDB_GATE is disabled.
115 Enable Parallel Dumping.
116 pliAppMiscSet: New Sim Round
117 pliEntryInit
118 LIBSSCORE=found /usr/cad/synopsys/verdi/cur/share/PLI/IUS/LINUX64/libsscore_xcelium171.so through $LD_LIBRARY_PATH setting.
119 argv[0]: LASER_SYN.fsdb
120 FSDB Dumper for Xcelium, Release Verdi_P-2019.06, Linux x86_64/64bit, 05/26/2019
121 (C) 1996 - 2019 by Synopsys, Inc.
122 ***********************************************************************
123 *  WARNING -                                                          *
124 *  The simulator version is newer than the FSDB Writer version which  *
125 *  may cause abnormal behavior, please contact Cadence support for    *
126 *  assistance.                                                        *
127 ***********************************************************************
128 sps_call_fsdbDumpfile at 0 : /home/eda/2023-IC-Design-Contest/tb.sv(58)
129 argv[0]: LASER_SYN.fsdb
130 *Verdi* FSDB WARNING: The FSDB file already exists. Overwriting the FSDB file may crash the programs that are using this file.
131 *Verdi* : Create FSDB file 'LASER_SYN.fsdb'
132 sps_call_fsdbDumpvars at 0 : /home/eda/2023-IC-Design-Contest/tb.sv(61)
133 *Verdi* : Begin traversing the scopes, layer (0).
134 Cell instance `testfixture.u_LASER.\current_state_reg[3] '.
135 *Verdi* : End of traversing.
136 fsdbDumpvars traverse var: profile - 
          CPU/Mem usage: 0.070 sys,  0.270 user,  331.42M sys,  0.00M vm
                   incr: 0.000 sys,  0.080 user,  11.55M sys,  0.00M vm
                   accu: 0.000 sys,  0.080 user,  11.55M sys,  0.00M vm
              accu incr: 0.000 sys,  0.080 user,  11.55M sys,  0.00M vm

          Count usage: 15154 var,  4823 idcode,  4823 callback
                 incr: 15154 var,  4823 idcode,  4823 callback
                 accu: 15154 var,  4823 idcode,  4823 callback
            accu incr: 15154 var,  4823 idcode,  4823 callback
137 VC callback profile - scalar:0 vector:0
138 Tue Jun  6 20:45:22 2023
139 fsdbDumpvars: profile - 
          CPU/Mem usage: 0.070 sys,  0.270 user,  332.48M sys,  0.00M vm
                   incr: 0.000 sys,  0.000 user,  1.05M sys,  0.00M vm
                   accu: 0.000 sys,  0.080 user,  12.60M sys,  0.00M vm
              accu incr: 0.000 sys,  0.000 user,  1.05M sys,  0.00M vm

          Count usage: 15154 var,  4823 idcode,  4823 callback
                 incr: 0 var,  0 idcode,  0 callback
                 accu: 15154 var,  4823 idcode,  4823 callback
            accu incr: 0 var,  0 idcode,  0 callback
140 VC callback profile - scalar:4802 vector:21
141 Tue Jun  6 20:45:22 2023
142 End of simulation at 3388000
143 VC callback profile - scalar:182905 vector:1364
144 Tue Jun  6 20:45:22 2023
145 Begin FSDB profile info:
146 FSDB Writer : bc1(182905) bcn(1364) mtf/stf(0/0)
FSDB Writer elapsed time : flush(0.124083) io wait(0.000000) theadpool wait(0.000000) target functin(0.000000)
FSDB Writer cpu time : MT Compression : 0
147 End FSDB profile info
148 Parallel profile    -  Flush:3 Expand:0 ProduceWait:0 ConsumerWait:0 BlockUsed:3
149                        ProduceTime:0.412190213 ConsumerTime:0.014960008 Buffer:64MB
150 SimExit
151 Sim process exit
