xrun(64): 22.03-s003: (c) Copyright 1995-2022 Cadence Design Systems, Inc.
TOOL:	xrun(64)	22.03-s003: Started on Jun 07, 2023 at 19:37:14 CST
xrun
	tb.sv
	LASER_syn.v
	+define+USECOLOR+SDF+GATE
	+access+r
	-clean
	-createdebugdb
	-v /home/eda/CBDK_IC_Contest_v2.1/Verilog/tsmc13_neg.v
	+ncmaxdelays
xrun: *W,OPDEPRREN: Command Line Option (+ncmaxdelays) is deprecated. Use (+xmmaxdelays) instead.
xrun: *N,CLEAN: Removing existing directory ./xcelium.d.
file: tb.sv
	module worklib.testfixture:sv
		errors: 0, warnings: 0
file: LASER_syn.v
	module worklib.LASER:v
		errors: 0, warnings: 0
file: /home/eda/CBDK_IC_Contest_v2.1/Verilog/tsmc13_neg.v
	module tsmc13_neg.BUFX2:v
		errors: 0, warnings: 0
	module tsmc13_neg.BUFX4:v
		errors: 0, warnings: 0
	module tsmc13_neg.BUFX8:v
		errors: 0, warnings: 0
	module tsmc13_neg.BUFX12:v
		errors: 0, warnings: 0
	module tsmc13_neg.BUFX16:v
		errors: 0, warnings: 0
	module tsmc13_neg.INVXL:v
		errors: 0, warnings: 0
	module tsmc13_neg.INVX1:v
		errors: 0, warnings: 0
	module tsmc13_neg.INVX2:v
		errors: 0, warnings: 0
	module tsmc13_neg.INVX3:v
		errors: 0, warnings: 0
	module tsmc13_neg.INVX4:v
		errors: 0, warnings: 0
	module tsmc13_neg.INVX8:v
		errors: 0, warnings: 0
	module tsmc13_neg.AND2X1:v
		errors: 0, warnings: 0
	module tsmc13_neg.AND4X4:v
		errors: 0, warnings: 0
	module tsmc13_neg.AOI21XL:v
		errors: 0, warnings: 0
	module tsmc13_neg.AOI21X1:v
		errors: 0, warnings: 0
	module tsmc13_neg.AOI21X4:v
		errors: 0, warnings: 0
	module tsmc13_neg.AOI211XL:v
		errors: 0, warnings: 0
	module tsmc13_neg.AOI211X1:v
		errors: 0, warnings: 0
	module tsmc13_neg.AOI22XL:v
		errors: 0, warnings: 0
	module tsmc13_neg.AOI22X1:v
		errors: 0, warnings: 0
	module tsmc13_neg.AOI221XL:v
		errors: 0, warnings: 0
	module tsmc13_neg.AOI221X2:v
		errors: 0, warnings: 0
	module tsmc13_neg.AOI222XL:v
		errors: 0, warnings: 0
	module tsmc13_neg.AOI222X1:v
		errors: 0, warnings: 0
	module tsmc13_neg.AOI222X4:v
		errors: 0, warnings: 0
	module tsmc13_neg.AOI31XL:v
		errors: 0, warnings: 0
	module tsmc13_neg.AOI31X1:v
		errors: 0, warnings: 0
	module tsmc13_neg.AOI2BB1X1:v
		errors: 0, warnings: 0
	module tsmc13_neg.AOI2BB2X1:v
		errors: 0, warnings: 0
	module tsmc13_neg.AOI2BB2X2:v
		errors: 0, warnings: 0
	module tsmc13_neg.AO21X1:v
		errors: 0, warnings: 0
	module tsmc13_neg.AO22X1:v
		errors: 0, warnings: 0
	module tsmc13_neg.NAND2XL:v
		errors: 0, warnings: 0
	module tsmc13_neg.NAND2X1:v
		errors: 0, warnings: 0
	module tsmc13_neg.NAND2X2:v
		errors: 0, warnings: 0
	module tsmc13_neg.NAND2X4:v
		errors: 0, warnings: 0
	module tsmc13_neg.NAND2X6:v
		errors: 0, warnings: 0
	module tsmc13_neg.NAND3XL:v
		errors: 0, warnings: 0
	module tsmc13_neg.NAND4XL:v
		errors: 0, warnings: 0
	module tsmc13_neg.NAND4X1:v
		errors: 0, warnings: 0
	module tsmc13_neg.NAND4X2:v
		errors: 0, warnings: 0
	module tsmc13_neg.NAND2BX1:v
		errors: 0, warnings: 0
	module tsmc13_neg.NAND2BX2:v
		errors: 0, warnings: 0
	module tsmc13_neg.NAND3BX1:v
		errors: 0, warnings: 0
	module tsmc13_neg.NOR2XL:v
		errors: 0, warnings: 0
	module tsmc13_neg.NOR2X1:v
		errors: 0, warnings: 0
	module tsmc13_neg.NOR2X2:v
		errors: 0, warnings: 0
	module tsmc13_neg.NOR2X4:v
		errors: 0, warnings: 0
	module tsmc13_neg.NOR2X6:v
		errors: 0, warnings: 0
	module tsmc13_neg.NOR3XL:v
		errors: 0, warnings: 0
	module tsmc13_neg.NOR3X1:v
		errors: 0, warnings: 0
	module tsmc13_neg.NOR4XL:v
		errors: 0, warnings: 0
	module tsmc13_neg.NOR2BX1:v
		errors: 0, warnings: 0
	module tsmc13_neg.NOR2BX4:v
		errors: 0, warnings: 0
	module tsmc13_neg.NOR3BX1:v
		errors: 0, warnings: 0
	module tsmc13_neg.OR2X1:v
		errors: 0, warnings: 0
	module tsmc13_neg.OAI21XL:v
		errors: 0, warnings: 0
	module tsmc13_neg.OAI21X1:v
		errors: 0, warnings: 0
	module tsmc13_neg.OAI21X2:v
		errors: 0, warnings: 0
	module tsmc13_neg.OAI21X4:v
		errors: 0, warnings: 0
	module tsmc13_neg.OAI211XL:v
		errors: 0, warnings: 0
	module tsmc13_neg.OAI211X1:v
		errors: 0, warnings: 0
	module tsmc13_neg.OAI22XL:v
		errors: 0, warnings: 0
	module tsmc13_neg.OAI22X1:v
		errors: 0, warnings: 0
	module tsmc13_neg.OAI22X2:v
		errors: 0, warnings: 0
	module tsmc13_neg.OAI22X4:v
		errors: 0, warnings: 0
	module tsmc13_neg.OAI222XL:v
		errors: 0, warnings: 0
	module tsmc13_neg.OAI222X4:v
		errors: 0, warnings: 0
	module tsmc13_neg.OAI31XL:v
		errors: 0, warnings: 0
	module tsmc13_neg.OAI31X1:v
		errors: 0, warnings: 0
	module tsmc13_neg.OAI31X4:v
		errors: 0, warnings: 0
	module tsmc13_neg.OAI32XL:v
		errors: 0, warnings: 0
	module tsmc13_neg.OAI2BB1XL:v
		errors: 0, warnings: 0
	module tsmc13_neg.OAI2BB2XL:v
		errors: 0, warnings: 0
	module tsmc13_neg.OAI2BB2X1:v
		errors: 0, warnings: 0
	module tsmc13_neg.OAI2BB2X2:v
		errors: 0, warnings: 0
	module tsmc13_neg.OA21XL:v
		errors: 0, warnings: 0
	module tsmc13_neg.OA22X1:v
		errors: 0, warnings: 0
	module tsmc13_neg.XOR2X1:v
		errors: 0, warnings: 0
	module tsmc13_neg.CLKBUFX3:v
		errors: 0, warnings: 0
	module tsmc13_neg.CLKBUFX8:v
		errors: 0, warnings: 0
	module tsmc13_neg.CLKINVX1:v
		errors: 0, warnings: 0
	module tsmc13_neg.ADDFHX1:v
		errors: 0, warnings: 0
	module tsmc13_neg.ADDFHX2:v
		errors: 0, warnings: 0
	module tsmc13_neg.DFFQX1:v
		errors: 0, warnings: 0
	module tsmc13_neg.DFFQX2:v
		errors: 0, warnings: 0
	module tsmc13_neg.DFFQX4:v
		errors: 0, warnings: 0
	module tsmc13_neg.DFFRX1:v
		errors: 0, warnings: 0
	module tsmc13_neg.DFFTRX1:v
		errors: 0, warnings: 0
	primitive tsmc13_neg.udp_edfft:v
		errors: 0, warnings: 0
	primitive tsmc13_neg.udp_dff:v
		errors: 0, warnings: 0
		Caching library 'tsmc13_neg' ....... Done
		Caching library 'worklib' ....... Done
	Elaborating the design hierarchy:
	Top level design units:
		testfixture
xmelab: *W,DSEMEL: This SystemVerilog design will be simulated as per IEEE 1800-2009 SystemVerilog simulation semantics. Use -disable_sem2009 option for turning off SV 2009 simulation semantics.
	Reading SDF file from location "./LASER_syn.sdf"
	Compiled SDF file "LASER_syn.sdf.X" older than source SDF file "./LASER_syn.sdf".
	Recompiling.
	Writing compiled SDF file to "LASER_syn.sdf.X".
xmelab: *W,CUSFNF: The SDF file "LASER_SYN.sdf" not found..
    $sdf_annotate("LASER_SYN.sdf");
                |
xmelab: *W,CUSSTI (./tb.sv,57|16): This SDF System Task will be Ignored..
	Annotating SDF timing data:
		Compiled SDF file:     LASER_syn.sdf.X
		Log file:              
		Backannotation scope:  testfixture.u_LASER
		Configuration file:    
		MTM control:           
		Scale factors:         
		Scale type:            
	Annotation completed successfully...
	SDF statistics: 
		 No. of Pathdelays = 3983    	 No. of Disabled Pathdelays = 0        Annotated = 100.00% (3983/3983) 
		 No. of Tchecks    = 1614    	 No. of Disabled Tchecks    = 0        Annotated = 100.00% (1614/1614) 
				        Total(T) 	   Disabled(D) 	    Annotated(A)	  Percentage(A/(T-D))
		 Path Delays	          3983	             0	              3983	                100.00
		      $width	           806	             0	               806	                100.00
		  $setuphold	           808	             0	               808	                100.00
	Building instance overlay tables: .................... Done
	Generating native compiled code:
		worklib.testfixture:sv <0x2ba301ce>
			streams:  36, words: 57800
		tsmc13_neg.ADDFHX2:v <0x11a2bf0f>
			streams:   0, words:     0
		tsmc13_neg.ADDFHX1:v <0x012e62ab>
			streams:   0, words:     0
		tsmc13_neg.XOR2X1:v <0x4bb611e8>
			streams:   0, words:     0
		tsmc13_neg.DFFQX4:v <0x3df77fd6>
			streams:   0, words:     0
		tsmc13_neg.DFFQX2:v <0x38f44c71>
			streams:   0, words:     0
		tsmc13_neg.DFFTRX1:v <0x58079031>
			streams:   0, words:     0
		tsmc13_neg.DFFRX1:v <0x096e3755>
			streams:   0, words:     0
		tsmc13_neg.DFFQX1:v <0x662be610>
			streams:   0, words:     0
	Building instance specific data structures.
	Loading native compiled code:     .................... Done
	Generating Debug Data:
		LWD Database path: (/home/eda/new/2023-IC-Design-Contest/xcelium.d/worklib/testfixture/sv/debug_db/testfixture)
		Power Aware Instances:                    0
		Liberty Instances:                        0
		Out Of Module References:                 0
		Assertions:                               0
		Liberty Information:
			PG Pins:	                  0
			Liberty Pins:	                  0
	Design hierarchy summary:
		                    Instances  Unique
		Modules:                 1551      91
		UDPs:                     402       2
		Primitives:              3648       7
		Timing outputs:          1554      23
		Registers:                447      52
		Scalar wires:            1959       -
		Expanded wires:             8       2
		Vectored wires:             2       -
		Always blocks:              3       3
		Initial blocks:            13      13
		Cont. assignments:          2       2
		Pseudo assignments:         1       1
		Timing checks:           2422     409
		Interconnect:            4353       -
		Delayed tcheck signals:   807     404
		Simulation timescale:     1ps
	Writing initial simulation snapshot: worklib.testfixture:sv
Loading snapshot worklib.testfixture:sv .................... Done
xmsim: *W,DSEM2009: This SystemVerilog design is simulated as per IEEE 1800-2009 SystemVerilog simulation semantics. Use -disable_sem2009 option for turning off SV 2009 simulation semantics.
*Verdi* Loading libsscore_xcelium171.so
xcelium> source /usr/cad/cadence/XCELIUM/XCELIUM_22.03.003/tools/xcelium/files/xmsimrc
xcelium> run
FSDB Dumper for Xcelium, Release Verdi_P-2019.06, Linux x86_64/64bit, 05/26/2019
(C) 1996 - 2019 by Synopsys, Inc.
***********************************************************************
*  WARNING -                                                          *
*  The simulator version is newer than the FSDB Writer version which  *
*  may cause abnormal behavior, please contact Cadence support for    *
*  assistance.                                                        *
***********************************************************************
*Verdi* FSDB WARNING: The FSDB file already exists. Overwriting the FSDB file may crash the programs that are using this file.
*Verdi* : Create FSDB file 'LASER_SYN.fsdb'
*Verdi* : Begin traversing the scopes, layer (0).
*Verdi* : End of traversing.
*******************************
** Simulation Start          **
*******************************
== PATTERN img1.pattern
---- Used Cycle:       8200
---- Get Return: C1( 9,11),C2( 5, 1)
---- cover =  17, optimum =  30
== PATTERN img2.pattern
---- Used Cycle:       8200
---- Get Return: C1( 6,15),C2( 8, 8)
---- cover =  18, optimum =  28
== PATTERN img3.pattern
---- Used Cycle:       8200
---- Get Return: C1( 8,12),C2(12, 6)
---- cover =  20, optimum =  29
== PATTERN img4.pattern
---- Used Cycle:       8200
---- Get Return: C1(11, 9),C2( 3,11)
---- cover =  17, optimum =  30
== PATTERN img5.pattern
---- Used Cycle:       8200
---- Get Return: C1(10,15),C2( 8, 5)
---- cover =   9, optimum =  23
== PATTERN img6.pattern
---- Used Cycle:       8200
---- Get Return: C1( 4,10),C2( 8, 8)
---- cover =  19, optimum =  30

*******************************
**   Finish Simulation       **
**   RUN CYCLE =      49455  **
**   Cover total = 100/170   **
*******************************
Simulation complete via $finish(1) at time 395636 NS + 0
./tb.sv:270                  $finish;
xcelium> exit
TOOL:	xrun(64)	22.03-s003: Exiting on Jun 07, 2023 at 19:37:20 CST  (total: 00:00:06)
